#
# There is insufficient memory for the Java Runtime Environment to continue.
# Native memory allocation (mmap) failed to map 60817408 bytes for G1 virtual space
# Possible reasons:
#   The system is out of physical RAM or swap space
#   The process is running with CompressedOops enabled, and the Java Heap may be blocking the growth of the native heap
# Possible solutions:
#   Reduce memory load on the system
#   Increase physical memory or swap space
#   Check if swap backing store is full
#   Decrease Java heap size (-Xmx/-Xms)
#   Decrease number of Java threads
#   Decrease Java thread stack sizes (-Xss)
#   Set larger code cache with -XX:ReservedCodeCacheSize=
#   JVM is running with Zero Based Compressed Oops mode in which the Java heap is
#     placed in the first 32GB address space. The Java Heap base address is the
#     maximum limit for the native heap growth. Please use -XX:HeapBaseMinAddress
#     to set the Java Heap base and to place the Java Heap above 32GB virtual address.
# This output file may be truncated or incomplete.
#
#  Out of Memory Error (os_windows.cpp:3548), pid=62484, tid=57336
#
# JRE version: OpenJDK Runtime Environment Temurin-17.0.5+8 (17.0.5+8) (build 17.0.5+8)
# Java VM: OpenJDK 64-Bit Server VM Temurin-17.0.5+8 (17.0.5+8, mixed mode, emulated-client, tiered, compressed oops, compressed class ptrs, g1 gc, windows-amd64)
# No core dump will be written. Minidumps are not enabled by default on client versions of Windows
#

---------------  S U M M A R Y ------------

Command Line: -Dcom.sun.management.jmxremote -Dcom.sun.management.jmxremote.port=56387 -Dcom.sun.management.jmxremote.authenticate=false -Dcom.sun.management.jmxremote.ssl=false -Djava.rmi.server.hostname=localhost -Dspring.jmx.enabled=true -Dmanagement.endpoints.jmx.exposure.include=* -Dspring.application.admin.enabled=true -XX:TieredStopAtLevel=1 -Dspring.boot.project.name=yaguroute -Dfile.encoding=UTF-8 -XX:+ShowCodeDetailsInExceptionMessages com.baseball.YagurouteApplication --spring.output.ansi.enabled=always

Host: Intel(R) Core(TM) i7-9700 CPU @ 3.00GHz, 8 cores, 15G,  Windows 10 , 64 bit Build 19041 (10.0.19041.2913)
Time: Sat Jun  3 14:45:02 2023  Windows 10 , 64 bit Build 19041 (10.0.19041.2913) elapsed time: 9369.569321 seconds (0d 2h 36m 9s)

---------------  T H R E A D  ---------------

Current thread (0x0000029a06846d30):  VMThread "VM Thread" [stack: 0x000000c952d00000,0x000000c952e00000] [id=57336]

Stack: [0x000000c952d00000,0x000000c952e00000]
Native frames: (J=compiled Java code, j=interpreted, Vv=VM code, C=native code)
V  [jvm.dll+0x676b3a]
V  [jvm.dll+0x831444]
V  [jvm.dll+0x832bee]
V  [jvm.dll+0x833253]
V  [jvm.dll+0x244ce5]
V  [jvm.dll+0x673a49]
V  [jvm.dll+0x66811a]
V  [jvm.dll+0x303ceb]
V  [jvm.dll+0x30b1e6]
V  [jvm.dll+0x35adbe]
V  [jvm.dll+0x35afef]
V  [jvm.dll+0x2dab88]
V  [jvm.dll+0x2d8e3c]
V  [jvm.dll+0x2d840c]
V  [jvm.dll+0x31c31b]
V  [jvm.dll+0x8376fb]
V  [jvm.dll+0x838434]
V  [jvm.dll+0x83894c]
V  [jvm.dll+0x838d24]
V  [jvm.dll+0x838df0]
V  [jvm.dll+0x7e17ea]
V  [jvm.dll+0x6759e5]
C  [ucrtbase.dll+0x21bb2]
C  [KERNEL32.DLL+0x17614]
C  [ntdll.dll+0x526a1]

VM_Operation (0x000000c95d1fafe0): G1CollectForAllocation, mode: safepoint, requested by thread 0x0000029a0e47aa90


---------------  P R O C E S S  ---------------

Threads class SMR info:
_java_thread_list=0x0000029a0e8f9710, length=173, elements={
0x0000029a0684a800, 0x0000029a0684b2c0, 0x0000029a06897550, 0x0000029a06897f10,
0x0000029a068987d0, 0x0000029a06899090, 0x0000029a068ce940, 0x0000029a068cf240,
0x0000029a06ab1060, 0x0000029a06b14390, 0x0000029a0723d280, 0x0000029a0728c2e0,
0x0000029a072fc3a0, 0x0000029a081f1be0, 0x0000029a0822fdc0, 0x0000029a0822c400,
0x0000029a0822dc10, 0x0000029a0a917340, 0x0000029a0a91a360, 0x0000029a0a917810,
0x0000029a0a917ce0, 0x0000029a0a9181b0, 0x0000029a0a918b50, 0x0000029a0a919020,
0x0000029a0ac7dc30, 0x0000029a0ac7e5d0, 0x0000029a0ac7eaa0, 0x0000029a0ac7ef70,
0x0000029a0ac81ac0, 0x0000029a0ac7f440, 0x0000029a0ac7d760, 0x0000029a0ac802b0,
0x0000029a0ac80780, 0x0000029a0ac7cdc0, 0x0000029a0ac81f90, 0x0000029a0ac82e00,
0x0000029a0ac7c420, 0x0000029a0ac7c8f0, 0x0000029a0ac82460, 0x0000029a0822f8f0,
0x0000029a0822d740, 0x0000029a0822e0e0, 0x0000029a0822ea80, 0x0000029a0ac7fde0,
0x0000029a0a9164d0, 0x0000029a0b3837a0, 0x0000029a0b3815f0, 0x0000029a0ac81120,
0x0000029a0ac815f0, 0x0000029a0ac832d0, 0x0000029a0ac7d290, 0x0000029a0a9194f0,
0x0000029a0a9147f0, 0x0000029a0a914cc0, 0x0000029a0a915660, 0x0000029a0b380c50,
0x0000029a0822d270, 0x0000029a0822cda0, 0x0000029a0b2457e0, 0x0000029a0b243fd0,
0x0000029a0b24a9b0, 0x0000029a0b24ae80, 0x0000029a0a915b30, 0x0000029a0a918680,
0x0000029a0a9199c0, 0x0000029a0a91a830, 0x0000029a0b246ff0, 0x0000029a0b248800,
0x0000029a0b248cd0, 0x0000029a0b2491a0, 0x0000029a0b24a4e0, 0x0000029a0a913980,
0x0000029a0a913e50, 0x0000029a0a915190, 0x0000029a0a9169a0, 0x0000029a0822e5b0,
0x0000029a0b382930, 0x0000029a0a916000, 0x0000029a0a919e90, 0x0000029a0822ef50,
0x0000029a0822f420, 0x0000029a0b384610, 0x0000029a0ac837a0, 0x0000029a0ac83c70,
0x0000029a0b243630, 0x0000029a0aeda4c0, 0x0000029a0aed9650, 0x0000029a0aed9b20,
0x0000029a0b3832d0, 0x0000029a0b383c70, 0x0000029a0b382e00, 0x0000029a0b381120,
0x0000029a0b381ac0, 0x0000029a0b384140, 0x0000029a0aed9180, 0x0000029a0a916e70,
0x0000029a0e615a10, 0x0000029a0e614200, 0x0000029a0e612520, 0x0000029a0e612050,
0x0000029a0e614ba0, 0x0000029a0aedae60, 0x0000029a0aedb330, 0x0000029a0aedb800,
0x0000029a0e613d30, 0x0000029a0e612ec0, 0x0000029a0b246650, 0x0000029a0b246b20,
0x0000029a0e6129f0, 0x0000029a0e6146d0, 0x0000029a0e615540, 0x0000029a0b246180,
0x0000029a0aed9ff0, 0x0000029a0aeda990, 0x0000029a0aedc1a0, 0x0000029a0aedc670,
0x0000029a0e613390, 0x0000029a0e613860, 0x0000029a0aedbcd0, 0x0000029a0e22e3d0,
0x0000029a0e22b3b0, 0x0000029a0e47bdd0, 0x0000029a0e479280, 0x0000029a0e47c2a0,
0x0000029a0e47af60, 0x0000029a0e47a0f0, 0x0000029a0b2474c0, 0x0000029a0b24a010,
0x0000029a0b247990, 0x0000029a0b245310, 0x0000029a0b244e40, 0x0000029a0e22f240,
0x0000029a0e22bd50, 0x0000029a0e231d90, 0x0000029a0e22fbe0, 0x0000029a0e2300b0,
0x0000029a0e2318c0, 0x0000029a0e479c20, 0x0000029a0b243b00, 0x0000029a0b2444a0,
0x0000029a0b245cb0, 0x0000029a0b244970, 0x0000029a0e22da30, 0x0000029a0e22c6f0,
0x0000029a0e22ed70, 0x0000029a0e22c220, 0x0000029a0e22cbc0, 0x0000029a0e22df00,
0x0000029a0e230580, 0x0000029a0e22e8a0, 0x0000029a0e230a50, 0x0000029a0e22f710,
0x0000029a0e230f20, 0x0000029a0e22b880, 0x0000029a0e2313f0, 0x0000029a0e232260,
0x0000029a0e232730, 0x0000029a0e22aee0, 0x0000029a0e47c770, 0x0000029a0e47b900,
0x0000029a0e47aa90, 0x0000029a0e47cc40, 0x0000029a0e479750, 0x0000029a0e47a5c0,
0x0000029a0b247e60, 0x0000029a0b248330, 0x0000029a0b249670, 0x0000029a0e22d090,
0x0000029a0e22d560, 0x0000029a0e4345d0, 0x0000029a0e435910, 0x0000029a0e437120,
0x0000029a0e4362b0
}

Java Threads: ( => current thread )
  0x0000029a0684a800 JavaThread "Reference Handler" daemon [_thread_blocked, id=59620, stack(0x000000c952e00000,0x000000c952f00000)]
  0x0000029a0684b2c0 JavaThread "Finalizer" daemon [_thread_blocked, id=356, stack(0x000000c952f00000,0x000000c953000000)]
  0x0000029a06897550 JavaThread "Signal Dispatcher" daemon [_thread_blocked, id=61728, stack(0x000000c953000000,0x000000c953100000)]
  0x0000029a06897f10 JavaThread "Attach Listener" daemon [_thread_blocked, id=6700, stack(0x000000c953100000,0x000000c953200000)]
  0x0000029a068987d0 JavaThread "Service Thread" daemon [_thread_blocked, id=60108, stack(0x000000c953200000,0x000000c953300000)]
  0x0000029a06899090 JavaThread "Monitor Deflation Thread" daemon [_thread_blocked, id=64184, stack(0x000000c953300000,0x000000c953400000)]
  0x0000029a068ce940 JavaThread "C1 CompilerThread0" daemon [_thread_blocked, id=64756, stack(0x000000c953400000,0x000000c953500000)]
  0x0000029a068cf240 JavaThread "Sweeper thread" daemon [_thread_blocked, id=68108, stack(0x000000c953500000,0x000000c953600000)]
  0x0000029a06ab1060 JavaThread "Common-Cleaner" daemon [_thread_blocked, id=59008, stack(0x000000c953600000,0x000000c953700000)]
  0x0000029a06b14390 JavaThread "Notification Thread" daemon [_thread_blocked, id=43716, stack(0x000000c953800000,0x000000c953900000)]
  0x0000029a0723d280 JavaThread "RMI TCP Accept-0" daemon [_thread_in_native, id=64820, stack(0x000000c953900000,0x000000c953a00000)]
  0x0000029a0728c2e0 JavaThread "RMI TCP Accept-56387" daemon [_thread_in_native, id=55068, stack(0x000000c953a00000,0x000000c953b00000)]
  0x0000029a072fc3a0 JavaThread "RMI TCP Accept-0" daemon [_thread_in_native, id=27956, stack(0x000000c953b00000,0x000000c953c00000)]
  0x0000029a081f1be0 JavaThread "RMI Scheduler(0)" daemon [_thread_blocked, id=64920, stack(0x000000c954b00000,0x000000c954c00000)]
  0x0000029a0822fdc0 JavaThread "JMX server connection timeout 25" daemon [_thread_blocked, id=61068, stack(0x000000c954d00000,0x000000c954e00000)]
  0x0000029a0822c400 JavaThread "mysql-cj-abandoned-connection-cleanup" daemon [_thread_blocked, id=33200, stack(0x000000c955200000,0x000000c955300000)]
  0x0000029a0822dc10 JavaThread "Live Reload Server" daemon [_thread_in_native, id=38224, stack(0x000000c955500000,0x000000c955600000)]
  0x0000029a0a917340 JavaThread "DestroyJavaVM" [_thread_blocked, id=67324, stack(0x000000c952700000,0x000000c952800000)]
  0x0000029a0a91a360 JavaThread "AsyncHttpClient-1-1" daemon [_thread_blocked, id=61620, stack(0x000000c952500000,0x000000c952600000)]
  0x0000029a0a917810 JavaThread "Exec Default Executor" daemon [_thread_in_native, id=57660, stack(0x000000c956300000,0x000000c956400000)]
  0x0000029a0a917ce0 JavaThread "Driver Service Executor" daemon [_thread_blocked, id=60328, stack(0x000000c956600000,0x000000c956700000)]
  0x0000029a0a9181b0 JavaThread "Driver Service Executor" daemon [_thread_blocked, id=57224, stack(0x000000c956800000,0x000000c956900000)]
  0x0000029a0a918b50 JavaThread "Exec Stream Pumper" daemon [_thread_in_native, id=49800, stack(0x000000c956b00000,0x000000c956c00000)]
  0x0000029a0a919020 JavaThread "Exec Stream Pumper" daemon [_thread_in_native, id=23464, stack(0x000000c956c00000,0x000000c956d00000)]
  0x0000029a0ac7dc30 JavaThread "AsyncHttpClient-1-2" daemon [_thread_in_native, id=68056, stack(0x000000c956e00000,0x000000c956f00000)]
  0x0000029a0ac7e5d0 JavaThread "AsyncHttpClient-1-3" daemon [_thread_in_native, id=28868, stack(0x000000c956f00000,0x000000c957000000)]
  0x0000029a0ac7eaa0 JavaThread "AsyncHttpClient-1-4" daemon [_thread_in_native, id=32144, stack(0x000000c957000000,0x000000c957100000)]
  0x0000029a0ac7ef70 JavaThread "AsyncHttpClient-1-5" daemon [_thread_in_native, id=61180, stack(0x000000c952600000,0x000000c952700000)]
  0x0000029a0ac81ac0 JavaThread "AsyncHttpClient-1-6" daemon [_thread_in_native, id=58200, stack(0x000000c952400000,0x000000c952500000)]
  0x0000029a0ac7f440 JavaThread "File Watcher" daemon [_thread_blocked, id=55720, stack(0x000000c954a00000,0x000000c954b00000)]
  0x0000029a0ac7d760 JavaThread "Exec Default Executor" daemon [_thread_in_native, id=63816, stack(0x000000c954800000,0x000000c954900000)]
  0x0000029a0ac802b0 JavaThread "Driver Service Executor" daemon [_thread_blocked, id=36912, stack(0x000000c954900000,0x000000c954a00000)]
  0x0000029a0ac80780 JavaThread "Driver Service Executor" daemon [_thread_blocked, id=64932, stack(0x000000c954c00000,0x000000c954d00000)]
  0x0000029a0ac7cdc0 JavaThread "Exec Stream Pumper" daemon [_thread_in_native, id=66096, stack(0x000000c955000000,0x000000c955100000)]
  0x0000029a0ac81f90 JavaThread "Exec Stream Pumper" daemon [_thread_in_native, id=61112, stack(0x000000c955100000,0x000000c955200000)]
  0x0000029a0ac82e00 JavaThread "AsyncHttpClient-1-7" daemon [_thread_in_native, id=55560, stack(0x000000c957100000,0x000000c957200000)]
  0x0000029a0ac7c420 JavaThread "AsyncHttpClient-1-8" daemon [_thread_in_native, id=67044, stack(0x000000c957200000,0x000000c957300000)]
  0x0000029a0ac7c8f0 JavaThread "AsyncHttpClient-1-9" daemon [_thread_in_native, id=68220, stack(0x000000c957300000,0x000000c957400000)]
  0x0000029a0ac82460 JavaThread "AsyncHttpClient-1-10" daemon [_thread_in_native, id=67168, stack(0x000000c953e00000,0x000000c953f00000)]
  0x0000029a0822f8f0 JavaThread "Exec Default Executor" daemon [_thread_in_native, id=66236, stack(0x000000c957800000,0x000000c957900000)]
  0x0000029a0822d740 JavaThread "Driver Service Executor" daemon [_thread_blocked, id=61464, stack(0x000000c957900000,0x000000c957a00000)]
  0x0000029a0822e0e0 JavaThread "Driver Service Executor" daemon [_thread_blocked, id=67828, stack(0x000000c957a00000,0x000000c957b00000)]
  0x0000029a0822ea80 JavaThread "Exec Stream Pumper" daemon [_thread_in_native, id=38832, stack(0x000000c957c00000,0x000000c957d00000)]
  0x0000029a0ac7fde0 JavaThread "Exec Stream Pumper" daemon [_thread_in_native, id=67308, stack(0x000000c957d00000,0x000000c957e00000)]
  0x0000029a0a9164d0 JavaThread "AsyncHttpClient-1-11" daemon [_thread_in_native, id=66136, stack(0x000000c957f00000,0x000000c958000000)]
  0x0000029a0b3837a0 JavaThread "AsyncHttpClient-1-12" daemon [_thread_in_native, id=51720, stack(0x000000c958000000,0x000000c958100000)]
  0x0000029a0b3815f0 JavaThread "AsyncHttpClient-1-13" daemon [_thread_in_native, id=59208, stack(0x000000c958100000,0x000000c958200000)]
  0x0000029a0ac81120 JavaThread "Exec Default Executor" daemon [_thread_in_native, id=26648, stack(0x000000c955300000,0x000000c955400000)]
  0x0000029a0ac815f0 JavaThread "Driver Service Executor" daemon [_thread_blocked, id=44800, stack(0x000000c955800000,0x000000c955900000)]
  0x0000029a0ac832d0 JavaThread "Driver Service Executor" daemon [_thread_blocked, id=33600, stack(0x000000c956d00000,0x000000c956e00000)]
  0x0000029a0ac7d290 JavaThread "Exec Stream Pumper" daemon [_thread_in_native, id=59236, stack(0x000000c957500000,0x000000c957600000)]
  0x0000029a0a9194f0 JavaThread "Exec Stream Pumper" daemon [_thread_in_native, id=4828, stack(0x000000c957600000,0x000000c957700000)]
  0x0000029a0a9147f0 JavaThread "AsyncHttpClient-1-14" daemon [_thread_in_native, id=68392, stack(0x000000c957e00000,0x000000c957f00000)]
  0x0000029a0a914cc0 JavaThread "AsyncHttpClient-1-15" daemon [_thread_in_native, id=67164, stack(0x000000c958200000,0x000000c958300000)]
  0x0000029a0a915660 JavaThread "AsyncHttpClient-1-16" daemon [_thread_in_native, id=55692, stack(0x000000c958300000,0x000000c958400000)]
  0x0000029a0b380c50 JavaThread "Exec Default Executor" daemon [_thread_in_native, id=29508, stack(0x000000c958700000,0x000000c958800000)]
  0x0000029a0822d270 JavaThread "Driver Service Executor" daemon [_thread_blocked, id=3368, stack(0x000000c958800000,0x000000c958900000)]
  0x0000029a0822cda0 JavaThread "Driver Service Executor" daemon [_thread_blocked, id=67492, stack(0x000000c958900000,0x000000c958a00000)]
  0x0000029a0b2457e0 JavaThread "Exec Stream Pumper" daemon [_thread_in_native, id=62156, stack(0x000000c958b00000,0x000000c958c00000)]
  0x0000029a0b243fd0 JavaThread "Exec Stream Pumper" daemon [_thread_in_native, id=60844, stack(0x000000c958c00000,0x000000c958d00000)]
  0x0000029a0b24a9b0 JavaThread "AsyncHttpClient-1-17" daemon [_thread_in_native, id=62616, stack(0x000000c958e00000,0x000000c958f00000)]
  0x0000029a0b24ae80 JavaThread "Exec Default Executor" daemon [_thread_in_native, id=49756, stack(0x000000c955700000,0x000000c955800000)]
  0x0000029a0a915b30 JavaThread "Driver Service Executor" daemon [_thread_blocked, id=1948, stack(0x000000c958d00000,0x000000c958e00000)]
  0x0000029a0a918680 JavaThread "Driver Service Executor" daemon [_thread_blocked, id=33608, stack(0x000000c958f00000,0x000000c959000000)]
  0x0000029a0a9199c0 JavaThread "Exec Stream Pumper" daemon [_thread_in_native, id=63372, stack(0x000000c959100000,0x000000c959200000)]
  0x0000029a0a91a830 JavaThread "Exec Stream Pumper" daemon [_thread_in_native, id=68284, stack(0x000000c959200000,0x000000c959300000)]
  0x0000029a0b246ff0 JavaThread "Exec Default Executor" daemon [_thread_in_native, id=32528, stack(0x000000c955400000,0x000000c955500000)]
  0x0000029a0b248800 JavaThread "Driver Service Executor" daemon [_thread_blocked, id=68052, stack(0x000000c955600000,0x000000c955700000)]
  0x0000029a0b248cd0 JavaThread "Driver Service Executor" daemon [_thread_blocked, id=50640, stack(0x000000c955900000,0x000000c955a00000)]
  0x0000029a0b2491a0 JavaThread "Exec Stream Pumper" daemon [_thread_in_native, id=62792, stack(0x000000c957400000,0x000000c957500000)]
  0x0000029a0b24a4e0 JavaThread "Exec Stream Pumper" daemon [_thread_in_native, id=68168, stack(0x000000c958400000,0x000000c958500000)]
  0x0000029a0a913980 JavaThread "Exec Default Executor" daemon [_thread_in_native, id=46312, stack(0x000000c959700000,0x000000c959800000)]
  0x0000029a0a913e50 JavaThread "Driver Service Executor" daemon [_thread_blocked, id=64988, stack(0x000000c959800000,0x000000c959900000)]
  0x0000029a0a915190 JavaThread "Driver Service Executor" daemon [_thread_blocked, id=32708, stack(0x000000c959900000,0x000000c959a00000)]
  0x0000029a0a9169a0 JavaThread "Exec Stream Pumper" daemon [_thread_in_native, id=31300, stack(0x000000c959b00000,0x000000c959c00000)]
  0x0000029a0822e5b0 JavaThread "Exec Stream Pumper" daemon [_thread_in_native, id=29876, stack(0x000000c959c00000,0x000000c959d00000)]
  0x0000029a0b382930 JavaThread "Exec Default Executor" daemon [_thread_in_native, id=67612, stack(0x000000c959400000,0x000000c959500000)]
  0x0000029a0a916000 JavaThread "Driver Service Executor" daemon [_thread_blocked, id=29896, stack(0x000000c959500000,0x000000c959600000)]
  0x0000029a0a919e90 JavaThread "Driver Service Executor" daemon [_thread_blocked, id=52284, stack(0x000000c959600000,0x000000c959700000)]
  0x0000029a0822ef50 JavaThread "Exec Stream Pumper" daemon [_thread_in_native, id=66992, stack(0x000000c959d00000,0x000000c959e00000)]
  0x0000029a0822f420 JavaThread "Exec Stream Pumper" daemon [_thread_in_native, id=65812, stack(0x000000c959e00000,0x000000c959f00000)]
  0x0000029a0b384610 JavaThread "Exec Default Executor" daemon [_thread_in_native, id=65840, stack(0x000000c959a00000,0x000000c959b00000)]
  0x0000029a0ac837a0 JavaThread "Driver Service Executor" daemon [_thread_blocked, id=58796, stack(0x000000c959f00000,0x000000c95a000000)]
  0x0000029a0ac83c70 JavaThread "Driver Service Executor" daemon [_thread_blocked, id=31796, stack(0x000000c95a000000,0x000000c95a100000)]
  0x0000029a0b243630 JavaThread "Exec Stream Pumper" daemon [_thread_in_native, id=33592, stack(0x000000c95a200000,0x000000c95a300000)]
  0x0000029a0aeda4c0 JavaThread "Exec Stream Pumper" daemon [_thread_in_native, id=9360, stack(0x000000c95a300000,0x000000c95a400000)]
  0x0000029a0aed9650 JavaThread "Exec Default Executor" daemon [_thread_in_native, id=46716, stack(0x000000c95a400000,0x000000c95a500000)]
  0x0000029a0aed9b20 JavaThread "Driver Service Executor" daemon [_thread_blocked, id=63008, stack(0x000000c95a600000,0x000000c95a700000)]
  0x0000029a0b3832d0 JavaThread "Driver Service Executor" daemon [_thread_blocked, id=56544, stack(0x000000c95a700000,0x000000c95a800000)]
  0x0000029a0b383c70 JavaThread "Exec Stream Pumper" daemon [_thread_in_native, id=66688, stack(0x000000c95a900000,0x000000c95aa00000)]
  0x0000029a0b382e00 JavaThread "Exec Stream Pumper" daemon [_thread_in_native, id=27136, stack(0x000000c95aa00000,0x000000c95ab00000)]
  0x0000029a0b381120 JavaThread "Exec Default Executor" daemon [_thread_in_native, id=11784, stack(0x000000c955b00000,0x000000c955c00000)]
  0x0000029a0b381ac0 JavaThread "Driver Service Executor" daemon [_thread_blocked, id=61556, stack(0x000000c955c00000,0x000000c955d00000)]
  0x0000029a0b384140 JavaThread "Driver Service Executor" daemon [_thread_blocked, id=65624, stack(0x000000c95a100000,0x000000c95a200000)]
  0x0000029a0aed9180 JavaThread "Exec Stream Pumper" daemon [_thread_in_native, id=52752, stack(0x000000c95ad00000,0x000000c95ae00000)]
  0x0000029a0a916e70 JavaThread "Exec Stream Pumper" daemon [_thread_in_native, id=67932, stack(0x000000c95ae00000,0x000000c95af00000)]
  0x0000029a0e615a10 JavaThread "Exec Default Executor" daemon [_thread_in_native, id=69420, stack(0x000000c95af00000,0x000000c95b000000)]
  0x0000029a0e614200 JavaThread "Driver Service Executor" daemon [_thread_blocked, id=70572, stack(0x000000c95b000000,0x000000c95b100000)]
  0x0000029a0e612520 JavaThread "Driver Service Executor" daemon [_thread_blocked, id=69452, stack(0x000000c95b100000,0x000000c95b200000)]
  0x0000029a0e612050 JavaThread "Exec Stream Pumper" daemon [_thread_in_native, id=69572, stack(0x000000c95b300000,0x000000c95b400000)]
  0x0000029a0e614ba0 JavaThread "Exec Stream Pumper" daemon [_thread_in_native, id=69788, stack(0x000000c95b400000,0x000000c95b500000)]
  0x0000029a0aedae60 JavaThread "Exec Default Executor" daemon [_thread_in_native, id=30796, stack(0x000000c95ab00000,0x000000c95ac00000)]
  0x0000029a0aedb330 JavaThread "Driver Service Executor" daemon [_thread_blocked, id=66264, stack(0x000000c95ac00000,0x000000c95ad00000)]
  0x0000029a0aedb800 JavaThread "Driver Service Executor" daemon [_thread_blocked, id=11900, stack(0x000000c95b200000,0x000000c95b300000)]
  0x0000029a0e613d30 JavaThread "Exec Stream Pumper" daemon [_thread_in_native, id=68640, stack(0x000000c95b600000,0x000000c95b700000)]
  0x0000029a0e612ec0 JavaThread "Exec Stream Pumper" daemon [_thread_in_native, id=23408, stack(0x000000c95b700000,0x000000c95b800000)]
  0x0000029a0b246650 JavaThread "Exec Default Executor" daemon [_thread_in_native, id=69520, stack(0x000000c956200000,0x000000c956300000)]
  0x0000029a0b246b20 JavaThread "Driver Service Executor" daemon [_thread_blocked, id=67620, stack(0x000000c956400000,0x000000c956500000)]
  0x0000029a0e6129f0 JavaThread "Driver Service Executor" daemon [_thread_blocked, id=71272, stack(0x000000c95bc00000,0x000000c95bd00000)]
  0x0000029a0e6146d0 JavaThread "Exec Stream Pumper" daemon [_thread_in_native, id=68828, stack(0x000000c95be00000,0x000000c95bf00000)]
  0x0000029a0e615540 JavaThread "Exec Stream Pumper" daemon [_thread_in_native, id=65368, stack(0x000000c95bf00000,0x000000c95c000000)]
  0x0000029a0b246180 JavaThread "Exec Default Executor" daemon [_thread_in_native, id=40044, stack(0x000000c95b800000,0x000000c95b900000)]
  0x0000029a0aed9ff0 JavaThread "Driver Service Executor" daemon [_thread_blocked, id=68812, stack(0x000000c95ba00000,0x000000c95bb00000)]
  0x0000029a0aeda990 JavaThread "Driver Service Executor" daemon [_thread_blocked, id=62692, stack(0x000000c95bb00000,0x000000c95bc00000)]
  0x0000029a0aedc1a0 JavaThread "Exec Stream Pumper" daemon [_thread_in_native, id=68184, stack(0x000000c95c000000,0x000000c95c100000)]
  0x0000029a0aedc670 JavaThread "Exec Stream Pumper" daemon [_thread_in_native, id=12276, stack(0x000000c95c100000,0x000000c95c200000)]
  0x0000029a0e613390 JavaThread "Exec Default Executor" daemon [_thread_in_native, id=71520, stack(0x000000c95c400000,0x000000c95c500000)]
  0x0000029a0e613860 JavaThread "Driver Service Executor" daemon [_thread_blocked, id=71332, stack(0x000000c95c500000,0x000000c95c600000)]
  0x0000029a0aedbcd0 JavaThread "Driver Service Executor" daemon [_thread_blocked, id=69552, stack(0x000000c95c600000,0x000000c95c700000)]
  0x0000029a0e22e3d0 JavaThread "Exec Stream Pumper" daemon [_thread_in_native, id=64224, stack(0x000000c95c800000,0x000000c95c900000)]
  0x0000029a0e22b3b0 JavaThread "Exec Stream Pumper" daemon [_thread_in_native, id=69708, stack(0x000000c95c900000,0x000000c95ca00000)]
  0x0000029a0e47bdd0 JavaThread "Exec Default Executor" daemon [_thread_in_native, id=30564, stack(0x000000c95c700000,0x000000c95c800000)]
  0x0000029a0e479280 JavaThread "Driver Service Executor" daemon [_thread_blocked, id=53024, stack(0x000000c95ca00000,0x000000c95cb00000)]
  0x0000029a0e47c2a0 JavaThread "Driver Service Executor" daemon [_thread_blocked, id=71556, stack(0x000000c95cb00000,0x000000c95cc00000)]
  0x0000029a0e47af60 JavaThread "Exec Stream Pumper" daemon [_thread_in_native, id=69784, stack(0x000000c95ce00000,0x000000c95cf00000)]
  0x0000029a0e47a0f0 JavaThread "Exec Stream Pumper" daemon [_thread_in_native, id=71384, stack(0x000000c95cf00000,0x000000c95d000000)]
  0x0000029a0b2474c0 JavaThread "Exec Default Executor" daemon [_thread_in_native, id=68200, stack(0x000000c95b500000,0x000000c95b600000)]
  0x0000029a0b24a010 JavaThread "Driver Service Executor" daemon [_thread_blocked, id=61192, stack(0x000000c95bd00000,0x000000c95be00000)]
  0x0000029a0b247990 JavaThread "Driver Service Executor" daemon [_thread_blocked, id=69972, stack(0x000000c95c200000,0x000000c95c300000)]
  0x0000029a0b245310 JavaThread "Exec Stream Pumper" daemon [_thread_in_native, id=71580, stack(0x000000c95cc00000,0x000000c95cd00000)]
  0x0000029a0b244e40 JavaThread "Exec Stream Pumper" daemon [_thread_in_native, id=71348, stack(0x000000c95cd00000,0x000000c95ce00000)]
  0x0000029a0e22f240 JavaThread "Exec Default Executor" daemon [_thread_in_native, id=68820, stack(0x000000c95b900000,0x000000c95ba00000)]
  0x0000029a0e22bd50 JavaThread "Driver Service Executor" daemon [_thread_blocked, id=70232, stack(0x000000c95c300000,0x000000c95c400000)]
  0x0000029a0e231d90 JavaThread "Driver Service Executor" daemon [_thread_blocked, id=70684, stack(0x000000c95d000000,0x000000c95d100000)]
  0x0000029a0e22fbe0 JavaThread "Exec Stream Pumper" daemon [_thread_in_native, id=33060, stack(0x000000c95d200000,0x000000c95d300000)]
  0x0000029a0e2300b0 JavaThread "Exec Stream Pumper" daemon [_thread_in_native, id=70188, stack(0x000000c95d300000,0x000000c95d400000)]
  0x0000029a0e2318c0 JavaThread "RMI TCP Connection(idle)" daemon [_thread_blocked, id=72152, stack(0x000000c953d00000,0x000000c953e00000)]
  0x0000029a0e479c20 JavaThread "Exec Default Executor" daemon [_thread_in_native, id=71776, stack(0x000000c95d600000,0x000000c95d700000)]
  0x0000029a0b243b00 JavaThread "Driver Service Executor" daemon [_thread_blocked, id=68432, stack(0x000000c95d700000,0x000000c95d800000)]
  0x0000029a0b2444a0 JavaThread "Driver Service Executor" daemon [_thread_blocked, id=42796, stack(0x000000c95d800000,0x000000c95d900000)]
  0x0000029a0b245cb0 JavaThread "Exec Stream Pumper" daemon [_thread_in_native, id=72396, stack(0x000000c95da00000,0x000000c95db00000)]
  0x0000029a0b244970 JavaThread "Exec Stream Pumper" daemon [_thread_in_native, id=70012, stack(0x000000c95db00000,0x000000c95dc00000)]
  0x0000029a0e22da30 JavaThread "Catalina-utility-1" [_thread_blocked, id=73492, stack(0x000000c955d00000,0x000000c955e00000)]
  0x0000029a0e22c6f0 JavaThread "Catalina-utility-2" [_thread_blocked, id=67864, stack(0x000000c955e00000,0x000000c955f00000)]
  0x0000029a0e22ed70 JavaThread "container-1" [_thread_blocked, id=73464, stack(0x000000c955f00000,0x000000c956000000)]
  0x0000029a0e22c220 JavaThread "File Watcher" daemon [_thread_blocked, id=67208, stack(0x000000c956000000,0x000000c956100000)]
  0x0000029a0e22cbc0 JavaThread "http-nio-8080-exec-1" daemon [_thread_blocked, id=66964, stack(0x000000c956100000,0x000000c956200000)]
  0x0000029a0e22df00 JavaThread "http-nio-8080-exec-2" daemon [_thread_blocked, id=17864, stack(0x000000c956500000,0x000000c956600000)]
  0x0000029a0e230580 JavaThread "http-nio-8080-exec-3" daemon [_thread_blocked, id=46552, stack(0x000000c956700000,0x000000c956800000)]
  0x0000029a0e22e8a0 JavaThread "http-nio-8080-exec-4" daemon [_thread_blocked, id=16332, stack(0x000000c956900000,0x000000c956a00000)]
  0x0000029a0e230a50 JavaThread "http-nio-8080-exec-5" daemon [_thread_blocked, id=13656, stack(0x000000c956a00000,0x000000c956b00000)]
  0x0000029a0e22f710 JavaThread "http-nio-8080-exec-6" daemon [_thread_blocked, id=71996, stack(0x000000c957700000,0x000000c957800000)]
  0x0000029a0e230f20 JavaThread "http-nio-8080-exec-7" daemon [_thread_blocked, id=12024, stack(0x000000c957b00000,0x000000c957c00000)]
  0x0000029a0e22b880 JavaThread "http-nio-8080-exec-8" daemon [_thread_blocked, id=71704, stack(0x000000c958500000,0x000000c958600000)]
  0x0000029a0e2313f0 JavaThread "http-nio-8080-exec-9" daemon [_thread_blocked, id=70324, stack(0x000000c958600000,0x000000c958700000)]
  0x0000029a0e232260 JavaThread "http-nio-8080-exec-10" daemon [_thread_blocked, id=69356, stack(0x000000c958a00000,0x000000c958b00000)]
  0x0000029a0e232730 JavaThread "http-nio-8080-Poller" daemon [_thread_in_native, id=72660, stack(0x000000c959000000,0x000000c959100000)]
  0x0000029a0e22aee0 JavaThread "http-nio-8080-Acceptor" daemon [_thread_in_native, id=71596, stack(0x000000c959300000,0x000000c959400000)]
  0x0000029a0e47c770 JavaThread "RMI TCP Connection(idle)" daemon [_thread_blocked, id=11184, stack(0x000000c95a500000,0x000000c95a600000)]
  0x0000029a0e47b900 JavaThread "RMI TCP Connection(346)-127.0.0.1" daemon [_thread_in_native, id=68968, stack(0x000000c95a800000,0x000000c95a900000)]
  0x0000029a0e47aa90 JavaThread "Forwarding getElementAttribute on session 42917fdbbade473919fcabe96dc587d2 to remote" [_thread_blocked, id=72540, stack(0x000000c95d100000,0x000000c95d200000)]
  0x0000029a0e47cc40 JavaThread "RMI TCP Connection(idle)" daemon [_thread_blocked, id=73344, stack(0x000000c954e00000,0x000000c954f00000)]
  0x0000029a0e479750 JavaThread "ForkJoinPool.commonPool-worker-50" daemon [_thread_blocked, id=73656, stack(0x000000c95d500000,0x000000c95d600000)]
  0x0000029a0e47a5c0 JavaThread "ForkJoinPool.commonPool-worker-51" daemon [_thread_blocked, id=73684, stack(0x000000c95d900000,0x000000c95da00000)]
  0x0000029a0b247e60 JavaThread "Exec Default Executor" daemon [_thread_in_native, id=69796, stack(0x000000c95dc00000,0x000000c95dd00000)]
  0x0000029a0b248330 JavaThread "Driver Service Executor" daemon [_thread_blocked, id=68836, stack(0x000000c95dd00000,0x000000c95de00000)]
  0x0000029a0b249670 JavaThread "Driver Service Executor" daemon [_thread_blocked, id=68536, stack(0x000000c95de00000,0x000000c95df00000)]
  0x0000029a0e22d090 JavaThread "UrlChecker-23" daemon [_thread_blocked, id=70896, stack(0x000000c95df00000,0x000000c95e000000)]
  0x0000029a0e22d560 JavaThread "Exec Stream Pumper" daemon [_thread_in_native, id=68636, stack(0x000000c95e000000,0x000000c95e100000)]
  0x0000029a0e4345d0 JavaThread "Exec Stream Pumper" daemon [_thread_in_native, id=73176, stack(0x000000c95e100000,0x000000c95e200000)]
  0x0000029a0e435910 JavaThread "Keep-Alive-Timer" daemon [_thread_blocked, id=54744, stack(0x000000c95e200000,0x000000c95e300000)]
  0x0000029a0e437120 JavaThread "HikariPool-38 housekeeper" daemon [_thread_blocked, id=16688, stack(0x000000c95e300000,0x000000c95e400000)]
  0x0000029a0e4362b0 JavaThread "HikariPool-38 connection adder" daemon [_thread_blocked, id=72304, stack(0x000000c95e400000,0x000000c95e500000)]

Other Threads:
=>0x0000029a06846d30 VMThread "VM Thread" [stack: 0x000000c952d00000,0x000000c952e00000] [id=57336]
  0x0000029a735eecf0 WatcherThread [stack: 0x000000c953c00000,0x000000c953d00000] [id=68600]
  0x0000029a735d0b50 GCTaskThread "GC Thread#0" [stack: 0x000000c952800000,0x000000c952900000] [id=58204]
  0x0000029a08151780 GCTaskThread "GC Thread#1" [stack: 0x000000c953f00000,0x000000c954000000] [id=67260]
  0x0000029a0812f8a0 GCTaskThread "GC Thread#2" [stack: 0x000000c954000000,0x000000c954100000] [id=49772]
  0x0000029a08163820 GCTaskThread "GC Thread#3" [stack: 0x000000c954100000,0x000000c954200000] [id=68096]
  0x0000029a08137590 GCTaskThread "GC Thread#4" [stack: 0x000000c954200000,0x000000c954300000] [id=59708]
  0x0000029a08137840 GCTaskThread "GC Thread#5" [stack: 0x000000c954300000,0x000000c954400000] [id=48796]
  0x0000029a0818ef10 GCTaskThread "GC Thread#6" [stack: 0x000000c954400000,0x000000c954500000] [id=2240]
  0x0000029a0818f9d0 GCTaskThread "GC Thread#7" [stack: 0x000000c954500000,0x000000c954600000] [id=66524]
  0x0000029a735e1d60 ConcurrentGCThread "G1 Main Marker" [stack: 0x000000c952900000,0x000000c952a00000] [id=6620]
  0x0000029a735e4530 ConcurrentGCThread "G1 Conc#0" [stack: 0x000000c952a00000,0x000000c952b00000] [id=64496]
  0x0000029a083f7590 ConcurrentGCThread "G1 Conc#1" [stack: 0x000000c954f00000,0x000000c955000000] [id=67416]
  0x0000029a7361e270 ConcurrentGCThread "G1 Refine#0" [stack: 0x000000c952b00000,0x000000c952c00000] [id=66532]
  0x0000029a0818fc80 ConcurrentGCThread "G1 Refine#1" [stack: 0x000000c954600000,0x000000c954700000] [id=59304]
  0x0000029a08178a30 ConcurrentGCThread "G1 Refine#2" [stack: 0x000000c954700000,0x000000c954800000] [id=30104]
  0x0000029a7361ea40 ConcurrentGCThread "G1 Service" [stack: 0x000000c952c00000,0x000000c952d00000] [id=11884]

Threads with active compile tasks:

VM state: at safepoint (normal execution)

VM Mutex/Monitor currently owned by a thread:  ([mutex/lock_event])
[0x0000029a7355d210] Threads_lock - owner thread: 0x0000029a06846d30
[0x0000029a7355cd00] Heap_lock - owner thread: 0x0000029a0e47aa90

Heap address: 0x0000000702800000, size: 4056 MB, Compressed Oops mode: Zero based, Oop shift amount: 3

CDS archive(s) not mapped
Compressed class space mapped at: 0x0000000800000000-0x0000000840000000, reserved size: 1073741824
Narrow klass base: 0x0000000800000000, Narrow klass shift: 0, Narrow klass range: 0x40000000

GC Precious Log:
 CPUs: 8 total, 8 available
 Memory: 16222M
 Large Page Support: Disabled
 NUMA Support: Disabled
 Compressed Oops: Enabled (Zero based)
 Heap Region Size: 2M
 Heap Min Capacity: 8M
 Heap Initial Capacity: 254M
 Heap Max Capacity: 4056M
 Pre-touch: Disabled
 Parallel Workers: 8
 Concurrent Workers: 2
 Concurrent Refinement Workers: 8
 Periodic GC: Disabled

Heap:
 garbage-first heap   total 294912K, used 137383K [0x0000000702800000, 0x0000000800000000)
  region size 2048K, 5 young (10240K), 5 survivors (10240K)
 Metaspace       used 86280K, committed 90432K, reserved 1155072K
  class space    used 10327K, committed 12224K, reserved 1048576K

Heap Regions: E=young(eden), S=young(survivor), O=old, HS=humongous(starts), HC=humongous(continues), CS=collection set, F=free, OA=open archive, CA=closed archive, TAMS=top-at-mark-start (previous, next)
|   0|0x0000000702800000, 0x00000007029ffff0, 0x0000000702a00000| 99%| O|  |TAMS 0x00000007029ffff0, 0x0000000702800000| Untracked 
|   1|0x0000000702a00000, 0x0000000702bfff78, 0x0000000702c00000| 99%| O|  |TAMS 0x0000000702bfff78, 0x0000000702a00000| Untracked 
|   2|0x0000000702c00000, 0x0000000702e00000, 0x0000000702e00000|100%| O|  |TAMS 0x0000000702e00000, 0x0000000702c00000| Untracked 
|   3|0x0000000702e00000, 0x0000000702fffff8, 0x0000000703000000| 99%| O|  |TAMS 0x0000000702fffff8, 0x0000000702e00000| Untracked 
|   4|0x0000000703000000, 0x00000007031fffb0, 0x0000000703200000| 99%| O|  |TAMS 0x00000007031fffb0, 0x0000000703000000| Untracked 
|   5|0x0000000703200000, 0x00000007033fe048, 0x0000000703400000| 99%| O|  |TAMS 0x00000007033fe048, 0x0000000703200000| Untracked 
|   6|0x0000000703400000, 0x0000000703600000, 0x0000000703600000|100%| O|  |TAMS 0x0000000703600000, 0x0000000703400000| Untracked 
|   7|0x0000000703600000, 0x00000007037ffff8, 0x0000000703800000| 99%| O|  |TAMS 0x00000007037ffff8, 0x0000000703600000| Untracked 
|   8|0x0000000703800000, 0x0000000703a00000, 0x0000000703a00000|100%| O|  |TAMS 0x0000000703a00000, 0x0000000703800000| Untracked 
|   9|0x0000000703a00000, 0x0000000703bffff0, 0x0000000703c00000| 99%| O|  |TAMS 0x0000000703bffff0, 0x0000000703a00000| Untracked 
|  10|0x0000000703c00000, 0x0000000703dfffb8, 0x0000000703e00000| 99%| O|  |TAMS 0x0000000703dfffb8, 0x0000000703c00000| Untracked 
|  11|0x0000000703e00000, 0x0000000704000000, 0x0000000704000000|100%| O|  |TAMS 0x0000000704000000, 0x0000000703e00000| Untracked 
|  12|0x0000000704000000, 0x00000007041fffb8, 0x0000000704200000| 99%| O|  |TAMS 0x00000007041fffb8, 0x0000000704000000| Untracked 
|  13|0x0000000704200000, 0x0000000704400000, 0x0000000704400000|100%|HS|  |TAMS 0x0000000704400000, 0x0000000704200000| Complete 
|  14|0x0000000704400000, 0x0000000704600000, 0x0000000704600000|100%|HC|  |TAMS 0x0000000704600000, 0x0000000704400000| Complete 
|  15|0x0000000704600000, 0x0000000704800000, 0x0000000704800000|100%|HC|  |TAMS 0x0000000704800000, 0x0000000704600000| Complete 
|  16|0x0000000704800000, 0x00000007049aabe0, 0x0000000704a00000| 83%| O|  |TAMS 0x00000007049aabe0, 0x0000000704800000| Untracked 
|  17|0x0000000704a00000, 0x0000000704c00000, 0x0000000704c00000|100%|HS|  |TAMS 0x0000000704c00000, 0x0000000704a00000| Complete 
|  18|0x0000000704c00000, 0x0000000704e00000, 0x0000000704e00000|100%|HC|  |TAMS 0x0000000704e00000, 0x0000000704c00000| Complete 
|  19|0x0000000704e00000, 0x0000000705000000, 0x0000000705000000|100%|HC|  |TAMS 0x0000000705000000, 0x0000000704e00000| Complete 
|  20|0x0000000705000000, 0x0000000705200000, 0x0000000705200000|100%|HS|  |TAMS 0x0000000705200000, 0x0000000705000000| Complete 
|  21|0x0000000705200000, 0x0000000705400000, 0x0000000705400000|100%|HC|  |TAMS 0x0000000705400000, 0x0000000705200000| Complete 
|  22|0x0000000705400000, 0x0000000705600000, 0x0000000705600000|100%|HC|  |TAMS 0x0000000705600000, 0x0000000705400000| Complete 
|  23|0x0000000705600000, 0x0000000705643238, 0x0000000705800000| 13%| O|  |TAMS 0x0000000705643238, 0x0000000705600000| Untracked 
|  24|0x0000000705800000, 0x0000000705a00000, 0x0000000705a00000|100%|HS|  |TAMS 0x0000000705a00000, 0x0000000705800000| Complete 
|  25|0x0000000705a00000, 0x0000000705c00000, 0x0000000705c00000|100%|HC|  |TAMS 0x0000000705c00000, 0x0000000705a00000| Complete 
|  26|0x0000000705c00000, 0x0000000705e00000, 0x0000000705e00000|100%|HC|  |TAMS 0x0000000705e00000, 0x0000000705c00000| Complete 
|  27|0x0000000705e00000, 0x0000000706000000, 0x0000000706000000|100%|HS|  |TAMS 0x0000000706000000, 0x0000000705e00000| Complete 
|  28|0x0000000706000000, 0x0000000706200000, 0x0000000706200000|100%|HC|  |TAMS 0x0000000706200000, 0x0000000706000000| Complete 
|  29|0x0000000706200000, 0x0000000706400000, 0x0000000706400000|100%|HC|  |TAMS 0x0000000706400000, 0x0000000706200000| Complete 
|  30|0x0000000706400000, 0x000000070644ea10, 0x0000000706600000| 15%| O|  |TAMS 0x000000070644ea10, 0x0000000706400000| Untracked 
|  31|0x0000000706600000, 0x0000000706800000, 0x0000000706800000|100%|HS|  |TAMS 0x0000000706800000, 0x0000000706600000| Complete 
|  32|0x0000000706800000, 0x0000000706a00000, 0x0000000706a00000|100%|HC|  |TAMS 0x0000000706a00000, 0x0000000706800000| Complete 
|  33|0x0000000706a00000, 0x0000000706c00000, 0x0000000706c00000|100%|HC|  |TAMS 0x0000000706c00000, 0x0000000706a00000| Complete 
|  34|0x0000000706c00000, 0x0000000706c60a68, 0x0000000706e00000| 18%| O|  |TAMS 0x0000000706c60a68, 0x0000000706c00000| Untracked 
|  35|0x0000000706e00000, 0x0000000707000000, 0x0000000707000000|100%|HS|  |TAMS 0x0000000707000000, 0x0000000706e00000| Complete 
|  36|0x0000000707000000, 0x0000000707200000, 0x0000000707200000|100%|HC|  |TAMS 0x0000000707200000, 0x0000000707000000| Complete 
|  37|0x0000000707200000, 0x0000000707400000, 0x0000000707400000|100%|HC|  |TAMS 0x0000000707400000, 0x0000000707200000| Complete 
|  38|0x0000000707400000, 0x0000000707600000, 0x0000000707600000|100%|HS|  |TAMS 0x0000000707600000, 0x0000000707400000| Complete 
|  39|0x0000000707600000, 0x0000000707800000, 0x0000000707800000|100%|HC|  |TAMS 0x0000000707800000, 0x0000000707600000| Complete 
|  40|0x0000000707800000, 0x0000000707a00000, 0x0000000707a00000|100%|HC|  |TAMS 0x0000000707a00000, 0x0000000707800000| Complete 
|  41|0x0000000707a00000, 0x0000000707a00000, 0x0000000707c00000|  0%| F|  |TAMS 0x0000000707a00000, 0x0000000707a00000| Untracked 
|  42|0x0000000707c00000, 0x0000000707e00000, 0x0000000707e00000|100%|HS|  |TAMS 0x0000000707e00000, 0x0000000707c00000| Complete 
|  43|0x0000000707e00000, 0x0000000708000000, 0x0000000708000000|100%|HC|  |TAMS 0x0000000708000000, 0x0000000707e00000| Complete 
|  44|0x0000000708000000, 0x0000000708200000, 0x0000000708200000|100%|HC|  |TAMS 0x0000000708200000, 0x0000000708000000| Complete 
|  45|0x0000000708200000, 0x0000000708400000, 0x0000000708400000|100%|HS|  |TAMS 0x0000000708400000, 0x0000000708200000| Complete 
|  46|0x0000000708400000, 0x0000000708600000, 0x0000000708600000|100%|HC|  |TAMS 0x0000000708600000, 0x0000000708400000| Complete 
|  47|0x0000000708600000, 0x0000000708800000, 0x0000000708800000|100%|HC|  |TAMS 0x0000000708800000, 0x0000000708600000| Complete 
|  48|0x0000000708800000, 0x0000000708800000, 0x0000000708a00000|  0%| F|  |TAMS 0x0000000708800000, 0x0000000708800000| Untracked 
|  49|0x0000000708a00000, 0x0000000708c00000, 0x0000000708c00000|100%|HS|  |TAMS 0x0000000708c00000, 0x0000000708a00000| Complete 
|  50|0x0000000708c00000, 0x0000000708e00000, 0x0000000708e00000|100%|HC|  |TAMS 0x0000000708e00000, 0x0000000708c00000| Complete 
|  51|0x0000000708e00000, 0x0000000709000000, 0x0000000709000000|100%|HC|  |TAMS 0x0000000709000000, 0x0000000708e00000| Complete 
|  52|0x0000000709000000, 0x0000000709200000, 0x0000000709200000|100%|HS|  |TAMS 0x0000000709200000, 0x0000000709000000| Complete 
|  53|0x0000000709200000, 0x0000000709400000, 0x0000000709400000|100%|HC|  |TAMS 0x0000000709400000, 0x0000000709200000| Complete 
|  54|0x0000000709400000, 0x0000000709600000, 0x0000000709600000|100%|HC|  |TAMS 0x0000000709600000, 0x0000000709400000| Complete 
|  55|0x0000000709600000, 0x0000000709600000, 0x0000000709800000|  0%| F|  |TAMS 0x0000000709600000, 0x0000000709600000| Untracked 
|  56|0x0000000709800000, 0x0000000709a00000, 0x0000000709a00000|100%|HS|  |TAMS 0x0000000709a00000, 0x0000000709800000| Complete 
|  57|0x0000000709a00000, 0x0000000709c00000, 0x0000000709c00000|100%|HC|  |TAMS 0x0000000709c00000, 0x0000000709a00000| Complete 
|  58|0x0000000709c00000, 0x0000000709e00000, 0x0000000709e00000|100%|HC|  |TAMS 0x0000000709e00000, 0x0000000709c00000| Complete 
|  59|0x0000000709e00000, 0x0000000709e00000, 0x000000070a000000|  0%| F|  |TAMS 0x0000000709e00000, 0x0000000709e00000| Untracked 
|  60|0x000000070a000000, 0x000000070a000000, 0x000000070a200000|  0%| F|  |TAMS 0x000000070a000000, 0x000000070a000000| Untracked 
|  61|0x000000070a200000, 0x000000070a400000, 0x000000070a400000|100%|HS|  |TAMS 0x000000070a400000, 0x000000070a200000| Complete 
|  62|0x000000070a400000, 0x000000070a600000, 0x000000070a600000|100%|HC|  |TAMS 0x000000070a600000, 0x000000070a400000| Complete 
|  63|0x000000070a600000, 0x000000070a800000, 0x000000070a800000|100%|HC|  |TAMS 0x000000070a800000, 0x000000070a600000| Complete 
|  64|0x000000070a800000, 0x000000070aa00000, 0x000000070aa00000|100%|HS|  |TAMS 0x000000070aa00000, 0x000000070a800000| Complete 
|  65|0x000000070aa00000, 0x000000070ac00000, 0x000000070ac00000|100%|HC|  |TAMS 0x000000070ac00000, 0x000000070aa00000| Complete 
|  66|0x000000070ac00000, 0x000000070ae00000, 0x000000070ae00000|100%|HC|  |TAMS 0x000000070ae00000, 0x000000070ac00000| Complete 
|  67|0x000000070ae00000, 0x000000070ae00000, 0x000000070b000000|  0%| F|  |TAMS 0x000000070ae00000, 0x000000070ae00000| Untracked 
|  68|0x000000070b000000, 0x000000070b200000, 0x000000070b200000|100%|HS|  |TAMS 0x000000070b200000, 0x000000070b000000| Complete 
|  69|0x000000070b200000, 0x000000070b400000, 0x000000070b400000|100%|HC|  |TAMS 0x000000070b400000, 0x000000070b200000| Complete 
|  70|0x000000070b400000, 0x000000070b600000, 0x000000070b600000|100%|HC|  |TAMS 0x000000070b600000, 0x000000070b400000| Complete 
|  71|0x000000070b600000, 0x000000070b600000, 0x000000070b800000|  0%| F|  |TAMS 0x000000070b600000, 0x000000070b600000| Untracked 
|  72|0x000000070b800000, 0x000000070b800000, 0x000000070ba00000|  0%| F|  |TAMS 0x000000070b800000, 0x000000070b800000| Untracked 
|  73|0x000000070ba00000, 0x000000070bb4fef8, 0x000000070bc00000| 65%| O|  |TAMS 0x000000070bb4fef8, 0x000000070ba00000| Untracked 
|  74|0x000000070bc00000, 0x000000070bc00000, 0x000000070be00000|  0%| F|  |TAMS 0x000000070bc00000, 0x000000070bc00000| Untracked 
|  75|0x000000070be00000, 0x000000070be00000, 0x000000070c000000|  0%| F|  |TAMS 0x000000070be00000, 0x000000070be00000| Untracked 
|  76|0x000000070c000000, 0x000000070c000000, 0x000000070c200000|  0%| F|  |TAMS 0x000000070c000000, 0x000000070c000000| Untracked 
|  77|0x000000070c200000, 0x000000070c200000, 0x000000070c400000|  0%| F|  |TAMS 0x000000070c200000, 0x000000070c200000| Untracked 
|  78|0x000000070c400000, 0x000000070c400000, 0x000000070c600000|  0%| F|  |TAMS 0x000000070c400000, 0x000000070c400000| Untracked 
|  79|0x000000070c600000, 0x000000070c600000, 0x000000070c800000|  0%| F|  |TAMS 0x000000070c600000, 0x000000070c600000| Untracked 
|  80|0x000000070c800000, 0x000000070c800000, 0x000000070ca00000|  0%| F|  |TAMS 0x000000070c800000, 0x000000070c800000| Untracked 
|  81|0x000000070ca00000, 0x000000070ca00000, 0x000000070cc00000|  0%| F|  |TAMS 0x000000070ca00000, 0x000000070ca00000| Untracked 
|  82|0x000000070cc00000, 0x000000070cc00000, 0x000000070ce00000|  0%| F|  |TAMS 0x000000070cc00000, 0x000000070cc00000| Untracked 
|  83|0x000000070ce00000, 0x000000070ce3ed70, 0x000000070d000000| 12%| S|CS|TAMS 0x000000070ce00000, 0x000000070ce00000| Complete 
|  84|0x000000070d000000, 0x000000070d200000, 0x000000070d200000|100%| S|CS|TAMS 0x000000070d000000, 0x000000070d000000| Complete 
|  85|0x000000070d200000, 0x000000070d200000, 0x000000070d400000|  0%| F|  |TAMS 0x000000070d200000, 0x000000070d200000| Untracked 
|  86|0x000000070d400000, 0x000000070d400000, 0x000000070d600000|  0%| F|  |TAMS 0x000000070d400000, 0x000000070d400000| Untracked 
|  87|0x000000070d600000, 0x000000070d600000, 0x000000070d800000|  0%| F|  |TAMS 0x000000070d600000, 0x000000070d600000| Untracked 
|  88|0x000000070d800000, 0x000000070da00000, 0x000000070da00000|100%| S|CS|TAMS 0x000000070d800000, 0x000000070d800000| Complete 
|  89|0x000000070da00000, 0x000000070dc00000, 0x000000070dc00000|100%| S|CS|TAMS 0x000000070da00000, 0x000000070da00000| Complete 
|  90|0x000000070dc00000, 0x000000070de00000, 0x000000070de00000|100%| S|CS|TAMS 0x000000070dc00000, 0x000000070dc00000| Complete 
|  91|0x000000070de00000, 0x000000070de00000, 0x000000070e000000|  0%| F|  |TAMS 0x000000070de00000, 0x000000070de00000| Untracked 
|  92|0x000000070e000000, 0x000000070e000000, 0x000000070e200000|  0%| F|  |TAMS 0x000000070e000000, 0x000000070e000000| Untracked 
|  93|0x000000070e200000, 0x000000070e200000, 0x000000070e400000|  0%| F|  |TAMS 0x000000070e200000, 0x000000070e200000| Untracked 
|  94|0x000000070e400000, 0x000000070e400000, 0x000000070e600000|  0%| F|  |TAMS 0x000000070e400000, 0x000000070e400000| Untracked 
|  95|0x000000070e600000, 0x000000070e600000, 0x000000070e800000|  0%| F|  |TAMS 0x000000070e600000, 0x000000070e600000| Untracked 
|  96|0x000000070e800000, 0x000000070e800000, 0x000000070ea00000|  0%| F|  |TAMS 0x000000070e800000, 0x000000070e800000| Untracked 
|  97|0x000000070ea00000, 0x000000070ea00000, 0x000000070ec00000|  0%| F|  |TAMS 0x000000070ea00000, 0x000000070ea00000| Untracked 
|  98|0x000000070ec00000, 0x000000070ec00000, 0x000000070ee00000|  0%| F|  |TAMS 0x000000070ec00000, 0x000000070ec00000| Untracked 
|  99|0x000000070ee00000, 0x000000070ee00000, 0x000000070f000000|  0%| F|  |TAMS 0x000000070ee00000, 0x000000070ee00000| Untracked 
| 100|0x000000070f000000, 0x000000070f000000, 0x000000070f200000|  0%| F|  |TAMS 0x000000070f000000, 0x000000070f000000| Untracked 
| 101|0x000000070f200000, 0x000000070f200000, 0x000000070f400000|  0%| F|  |TAMS 0x000000070f200000, 0x000000070f200000| Untracked 
| 102|0x000000070f400000, 0x000000070f400000, 0x000000070f600000|  0%| F|  |TAMS 0x000000070f400000, 0x000000070f400000| Untracked 
| 103|0x000000070f600000, 0x000000070f600000, 0x000000070f800000|  0%| F|  |TAMS 0x000000070f600000, 0x000000070f600000| Untracked 
| 104|0x000000070f800000, 0x000000070f800000, 0x000000070fa00000|  0%| F|  |TAMS 0x000000070f800000, 0x000000070f800000| Untracked 
| 105|0x000000070fa00000, 0x000000070fa00000, 0x000000070fc00000|  0%| F|  |TAMS 0x000000070fa00000, 0x000000070fa00000| Untracked 
| 106|0x000000070fc00000, 0x000000070fc00000, 0x000000070fe00000|  0%| F|  |TAMS 0x000000070fc00000, 0x000000070fc00000| Untracked 
| 107|0x000000070fe00000, 0x000000070fe00000, 0x0000000710000000|  0%| F|  |TAMS 0x000000070fe00000, 0x000000070fe00000| Untracked 
| 108|0x0000000710000000, 0x0000000710000000, 0x0000000710200000|  0%| F|  |TAMS 0x0000000710000000, 0x0000000710000000| Untracked 
| 109|0x0000000710200000, 0x0000000710200000, 0x0000000710400000|  0%| F|  |TAMS 0x0000000710200000, 0x0000000710200000| Untracked 
| 110|0x0000000710400000, 0x0000000710400000, 0x0000000710600000|  0%| F|  |TAMS 0x0000000710400000, 0x0000000710400000| Untracked 
| 111|0x0000000710600000, 0x0000000710600000, 0x0000000710800000|  0%| F|  |TAMS 0x0000000710600000, 0x0000000710600000| Untracked 
| 112|0x0000000710800000, 0x0000000710800000, 0x0000000710a00000|  0%| F|  |TAMS 0x0000000710800000, 0x0000000710800000| Untracked 
| 113|0x0000000710a00000, 0x0000000710a00000, 0x0000000710c00000|  0%| F|  |TAMS 0x0000000710a00000, 0x0000000710a00000| Untracked 
| 114|0x0000000710c00000, 0x0000000710c00000, 0x0000000710e00000|  0%| F|  |TAMS 0x0000000710c00000, 0x0000000710c00000| Untracked 
| 115|0x0000000710e00000, 0x0000000710e00000, 0x0000000711000000|  0%| F|  |TAMS 0x0000000710e00000, 0x0000000710e00000| Untracked 
| 116|0x0000000711000000, 0x0000000711000000, 0x0000000711200000|  0%| F|  |TAMS 0x0000000711000000, 0x0000000711000000| Untracked 
| 117|0x0000000711200000, 0x0000000711200000, 0x0000000711400000|  0%| F|  |TAMS 0x0000000711200000, 0x0000000711200000| Untracked 
| 118|0x0000000711400000, 0x0000000711400000, 0x0000000711600000|  0%| F|  |TAMS 0x0000000711400000, 0x0000000711400000| Untracked 
| 119|0x0000000711600000, 0x0000000711600000, 0x0000000711800000|  0%| F|  |TAMS 0x0000000711600000, 0x0000000711600000| Untracked 
| 120|0x0000000711800000, 0x0000000711800000, 0x0000000711a00000|  0%| F|  |TAMS 0x0000000711800000, 0x0000000711800000| Untracked 
| 121|0x0000000711a00000, 0x0000000711a00000, 0x0000000711c00000|  0%| F|  |TAMS 0x0000000711a00000, 0x0000000711a00000| Untracked 
| 122|0x0000000711c00000, 0x0000000711c00000, 0x0000000711e00000|  0%| F|  |TAMS 0x0000000711c00000, 0x0000000711c00000| Untracked 
| 123|0x0000000711e00000, 0x0000000711e00000, 0x0000000712000000|  0%| F|  |TAMS 0x0000000711e00000, 0x0000000711e00000| Untracked 
| 124|0x0000000712000000, 0x0000000712000000, 0x0000000712200000|  0%| F|  |TAMS 0x0000000712000000, 0x0000000712000000| Untracked 
| 125|0x0000000712200000, 0x0000000712200000, 0x0000000712400000|  0%| F|  |TAMS 0x0000000712200000, 0x0000000712200000| Untracked 
| 126|0x0000000712400000, 0x0000000712400000, 0x0000000712600000|  0%| F|  |TAMS 0x0000000712400000, 0x0000000712400000| Untracked 
| 127|0x0000000712600000, 0x0000000712600000, 0x0000000712800000|  0%| F|  |TAMS 0x0000000712600000, 0x0000000712600000| Untracked 
| 128|0x0000000712800000, 0x0000000712800000, 0x0000000712a00000|  0%| F|  |TAMS 0x0000000712800000, 0x0000000712800000| Untracked 
| 129|0x0000000712a00000, 0x0000000712a00000, 0x0000000712c00000|  0%| F|  |TAMS 0x0000000712a00000, 0x0000000712a00000| Untracked 
| 130|0x0000000712c00000, 0x0000000712c00000, 0x0000000712e00000|  0%| F|  |TAMS 0x0000000712c00000, 0x0000000712c00000| Untracked 
| 131|0x0000000712e00000, 0x0000000712e00000, 0x0000000713000000|  0%| F|  |TAMS 0x0000000712e00000, 0x0000000712e00000| Untracked 
| 132|0x0000000713000000, 0x0000000713000000, 0x0000000713200000|  0%| F|  |TAMS 0x0000000713000000, 0x0000000713000000| Untracked 
| 133|0x0000000713200000, 0x0000000713200000, 0x0000000713400000|  0%| F|  |TAMS 0x0000000713200000, 0x0000000713200000| Untracked 
| 134|0x0000000713400000, 0x0000000713400000, 0x0000000713600000|  0%| F|  |TAMS 0x0000000713400000, 0x0000000713400000| Untracked 
| 135|0x0000000713600000, 0x0000000713600000, 0x0000000713800000|  0%| F|  |TAMS 0x0000000713600000, 0x0000000713600000| Untracked 
| 136|0x0000000713800000, 0x0000000713800000, 0x0000000713a00000|  0%| F|  |TAMS 0x0000000713800000, 0x0000000713800000| Untracked 
| 137|0x0000000713a00000, 0x0000000713a00000, 0x0000000713c00000|  0%| F|  |TAMS 0x0000000713a00000, 0x0000000713a00000| Untracked 
| 138|0x0000000713c00000, 0x0000000713c00000, 0x0000000713e00000|  0%| F|  |TAMS 0x0000000713c00000, 0x0000000713c00000| Untracked 
| 139|0x0000000713e00000, 0x0000000713e00000, 0x0000000714000000|  0%| F|  |TAMS 0x0000000713e00000, 0x0000000713e00000| Untracked 
| 140|0x0000000714000000, 0x0000000714000000, 0x0000000714200000|  0%| F|  |TAMS 0x0000000714000000, 0x0000000714000000| Untracked 
| 141|0x0000000714200000, 0x0000000714200000, 0x0000000714400000|  0%| F|  |TAMS 0x0000000714200000, 0x0000000714200000| Untracked 
| 142|0x0000000714400000, 0x0000000714400000, 0x0000000714600000|  0%| F|  |TAMS 0x0000000714400000, 0x0000000714400000| Untracked 
| 143|0x0000000714600000, 0x0000000714600000, 0x0000000714800000|  0%| F|  |TAMS 0x0000000714600000, 0x0000000714600000| Untracked 

Card table byte_map: [0x0000029a7a510000,0x0000029a7ad00000] _byte_map_base: 0x0000029a76cfc000

Marking Bits (Prev, Next): (CMBitMap*) 0x0000029a735d0f50, (CMBitMap*) 0x0000029a735d0f10
 Prev Bits: [0x0000029a00000000, 0x0000029a03f60000)
 Next Bits: [0x0000029a7b4f0000, 0x0000029a7f450000)

Polling page: 0x0000029a714c0000

Metaspace:

Usage:
  Non-class:     74.17 MB used.
      Class:     10.09 MB used.
       Both:     84.26 MB used.

Virtual space:
  Non-class space:      104.00 MB reserved,      76.38 MB ( 73%) committed,  13 nodes.
      Class space:        1.00 GB reserved,      11.94 MB (  1%) committed,  1 nodes.
             Both:        1.10 GB reserved,      88.31 MB (  8%) committed. 

Chunk freelists:
   Non-Class:  25.17 MB
       Class:  5.50 MB
        Both:  30.67 MB

MaxMetaspaceSize: unlimited
CompressedClassSpaceSize: 1.00 GB
Initial GC threshold: 21.00 MB
Current GC threshold: 184.81 MB
CDS: off
MetaspaceReclaimPolicy: balanced
 - commit_granule_bytes: 65536.
 - commit_granule_words: 8192.
 - virtual_space_node_default_size: 1048576.
 - enlarge_chunks_in_place: 1.
 - new_chunks_are_fully_committed: 0.
 - uncommit_free_chunks: 1.
 - use_allocation_guard: 0.
 - handle_deallocations: 1.


Internal statistics:

num_allocs_failed_limit: 9.
num_arena_births: 4548.
num_arena_deaths: 3918.
num_vsnodes_births: 14.
num_vsnodes_deaths: 0.
num_space_committed: 1925.
num_space_uncommitted: 512.
num_chunks_returned_to_freelist: 8816.
num_chunks_taken_from_freelist: 12702.
num_chunk_merges: 2278.
num_chunk_splits: 5498.
num_chunks_enlarged: 3028.
num_purges: 190.
num_inconsistent_stats: 0.

CodeCache: size=49152Kb used=39326Kb max_used=40363Kb free=9825Kb
 bounds [0x0000029a76c10000, 0x0000029a793c0000, 0x0000029a79c10000]
 total_blobs=21266 nmethods=20576 adapters=616
 compilation: enabled
              stopped_count=0, restarted_count=0
 full_count=0

Compilation events (20 events):
Event: 9367.594 Thread 0x0000029a068ce940 21068       1       org.openqa.selenium.remote.Dialect$$Lambda$1223/0x0000000800899538::accept (12 bytes)
Event: 9367.595 Thread 0x0000029a068ce940 nmethod 21068 0x0000029a792c7710 code [0x0000029a792c78e0, 0x0000029a792c7b08]
Event: 9367.595 Thread 0x0000029a068ce940 21069       1       org.openqa.selenium.remote.Dialect::lambda$bindAdditionalCommands$1 (18 bytes)
Event: 9367.595 Thread 0x0000029a068ce940 nmethod 21069 0x0000029a792c7290 code [0x0000029a792c7440, 0x0000029a792c75e8]
Event: 9367.595 Thread 0x0000029a068ce940 21070       1       org.openqa.selenium.remote.Dialect$$Lambda$1224/0x0000000800899768::<init> (10 bytes)
Event: 9367.595 Thread 0x0000029a068ce940 nmethod 21070 0x0000029a792c6f90 code [0x0000029a792c7120, 0x0000029a792c7238]
Event: 9367.603 Thread 0x0000029a068ce940 21071       1       java.util.stream.ReferencePipeline::mapToInt (26 bytes)
Event: 9367.603 Thread 0x0000029a068ce940 nmethod 21071 0x0000029a792c6990 code [0x0000029a792c6b40, 0x0000029a792c6e38]
Event: 9367.603 Thread 0x0000029a068ce940 21072       1       java.util.stream.ReferencePipeline$4::<init> (20 bytes)
Event: 9367.604 Thread 0x0000029a068ce940 nmethod 21072 0x0000029a792c6590 code [0x0000029a792c6720, 0x0000029a792c68e8]
Event: 9367.604 Thread 0x0000029a068ce940 21073       1       java.util.stream.ReferencePipeline$4::opWrapSink (10 bytes)
Event: 9367.604 Thread 0x0000029a068ce940 nmethod 21073 0x0000029a792c5f90 code [0x0000029a792c6140, 0x0000029a792c6428]
Event: 9367.604 Thread 0x0000029a068ce940 21074       1       java.util.stream.ReferencePipeline$4$1::<init> (11 bytes)
Event: 9367.604 Thread 0x0000029a068ce940 nmethod 21074 0x0000029a792c5a90 code [0x0000029a792c5c40, 0x0000029a792c5ec8]
Event: 9367.604 Thread 0x0000029a068ce940 21075       1       org.openqa.selenium.SharedCapabilitiesMethods::hashCode (39 bytes)
Event: 9367.604 Thread 0x0000029a068ce940 nmethod 21075 0x0000029a792c4f10 code [0x0000029a792c5140, 0x0000029a792c5788]
Event: 9367.604 Thread 0x0000029a068ce940 21076       1       java.util.stream.ReferencePipeline::sorted (5 bytes)
Event: 9367.604 Thread 0x0000029a068ce940 nmethod 21076 0x0000029a792c4a90 code [0x0000029a792c4c40, 0x0000029a792c4e28]
Event: 9367.604 Thread 0x0000029a068ce940 21077       1       java.util.stream.SortedOps::makeRef (9 bytes)
Event: 9367.605 Thread 0x0000029a068ce940 nmethod 21077 0x0000029a792c4610 code [0x0000029a792c47c0, 0x0000029a792c4988]

GC Heap History (20 events):
Event: 8832.658 GC heap after
{Heap after GC invocations=276 (full 83):
 garbage-first heap   total 290816K, used 134215K [0x0000000702800000, 0x0000000800000000)
  region size 2048K, 3 young (6144K), 3 survivors (6144K)
 Metaspace       used 85230K, committed 90880K, reserved 1155072K
  class space    used 10230K, committed 12288K, reserved 1048576K
}
Event: 8980.409 GC heap before
{Heap before GC invocations=277 (full 83):
 garbage-first heap   total 294912K, used 234567K [0x0000000702800000, 0x0000000800000000)
  region size 2048K, 52 young (106496K), 3 survivors (6144K)
 Metaspace       used 85536K, committed 90880K, reserved 1155072K
  class space    used 10252K, committed 12288K, reserved 1048576K
}
Event: 8980.413 GC heap after
{Heap after GC invocations=278 (full 83):
 garbage-first heap   total 294912K, used 135986K [0x0000000702800000, 0x0000000800000000)
  region size 2048K, 4 young (8192K), 4 survivors (8192K)
 Metaspace       used 85536K, committed 90880K, reserved 1155072K
  class space    used 10252K, committed 12288K, reserved 1048576K
}
Event: 9043.842 GC heap before
{Heap before GC invocations=278 (full 83):
 garbage-first heap   total 294912K, used 160562K [0x0000000702800000, 0x0000000800000000)
  region size 2048K, 18 young (36864K), 4 survivors (8192K)
 Metaspace       used 85538K, committed 90880K, reserved 1155072K
  class space    used 10253K, committed 12288K, reserved 1048576K
}
Event: 9043.896 GC heap after
{Heap after GC invocations=279 (full 84):
 garbage-first heap   total 294912K, used 131232K [0x0000000702800000, 0x0000000800000000)
  region size 2048K, 0 young (0K), 0 survivors (0K)
 Metaspace       used 85452K, committed 90880K, reserved 1155072K
  class space    used 10239K, committed 12288K, reserved 1048576K
}
Event: 9044.334 GC heap before
{Heap before GC invocations=279 (full 84):
 garbage-first heap   total 294912K, used 241824K [0x0000000702800000, 0x0000000800000000)
  region size 2048K, 55 young (112640K), 0 survivors (0K)
 Metaspace       used 85905K, committed 90880K, reserved 1155072K
  class space    used 10298K, committed 12288K, reserved 1048576K
}
Event: 9044.338 GC heap after
{Heap after GC invocations=280 (full 84):
 garbage-first heap   total 294912K, used 135478K [0x0000000702800000, 0x0000000800000000)
  region size 2048K, 3 young (6144K), 3 survivors (6144K)
 Metaspace       used 85905K, committed 90880K, reserved 1155072K
  class space    used 10298K, committed 12288K, reserved 1048576K
}
Event: 9047.001 GC heap before
{Heap before GC invocations=281 (full 84):
 garbage-first heap   total 294912K, used 186678K [0x0000000702800000, 0x0000000800000000)
  region size 2048K, 29 young (59392K), 3 survivors (6144K)
 Metaspace       used 86187K, committed 90880K, reserved 1155072K
  class space    used 10317K, committed 12288K, reserved 1048576K
}
Event: 9047.063 GC heap after
{Heap after GC invocations=282 (full 85):
 garbage-first heap   total 294912K, used 131220K [0x0000000702800000, 0x0000000800000000)
  region size 2048K, 0 young (0K), 0 survivors (0K)
 Metaspace       used 86164K, committed 90880K, reserved 1155072K
  class space    used 10313K, committed 12288K, reserved 1048576K
}
Event: 9047.473 GC heap before
{Heap before GC invocations=282 (full 85):
 garbage-first heap   total 294912K, used 241812K [0x0000000702800000, 0x0000000800000000)
  region size 2048K, 55 young (112640K), 0 survivors (0K)
 Metaspace       used 86598K, committed 90880K, reserved 1155072K
  class space    used 10369K, committed 12288K, reserved 1048576K
}
Event: 9047.476 GC heap after
{Heap after GC invocations=283 (full 85):
 garbage-first heap   total 294912K, used 135424K [0x0000000702800000, 0x0000000800000000)
  region size 2048K, 3 young (6144K), 3 survivors (6144K)
 Metaspace       used 86598K, committed 90880K, reserved 1155072K
  class space    used 10369K, committed 12288K, reserved 1048576K
}
Event: 9069.661 GC heap before
{Heap before GC invocations=284 (full 85):
 garbage-first heap   total 294912K, used 241920K [0x0000000702800000, 0x0000000800000000)
  region size 2048K, 56 young (114688K), 3 survivors (6144K)
 Metaspace       used 86913K, committed 90880K, reserved 1155072K
  class space    used 10392K, committed 12288K, reserved 1048576K
}
Event: 9069.666 GC heap after
{Heap after GC invocations=285 (full 85):
 garbage-first heap   total 294912K, used 137230K [0x0000000702800000, 0x0000000800000000)
  region size 2048K, 3 young (6144K), 3 survivors (6144K)
 Metaspace       used 86913K, committed 90880K, reserved 1155072K
  class space    used 10392K, committed 12288K, reserved 1048576K
}
Event: 9273.094 GC heap before
{Heap before GC invocations=285 (full 85):
 garbage-first heap   total 294912K, used 243726K [0x0000000702800000, 0x0000000800000000)
  region size 2048K, 56 young (114688K), 3 survivors (6144K)
 Metaspace       used 87022K, committed 90880K, reserved 1155072K
  class space    used 10404K, committed 12288K, reserved 1048576K
}
Event: 9273.106 GC heap after
{Heap after GC invocations=286 (full 85):
 garbage-first heap   total 294912K, used 140058K [0x0000000702800000, 0x0000000800000000)
  region size 2048K, 5 young (10240K), 5 survivors (10240K)
 Metaspace       used 87022K, committed 90880K, reserved 1155072K
  class space    used 10404K, committed 12288K, reserved 1048576K
}
Event: 9310.823 GC heap before
{Heap before GC invocations=287 (full 85):
 garbage-first heap   total 294912K, used 152346K [0x0000000702800000, 0x0000000800000000)
  region size 2048K, 12 young (24576K), 5 survivors (10240K)
 Metaspace       used 86959K, committed 90880K, reserved 1155072K
  class space    used 10393K, committed 12288K, reserved 1048576K
}
Event: 9310.885 GC heap after
{Heap after GC invocations=288 (full 86):
 garbage-first heap   total 294912K, used 128940K [0x0000000702800000, 0x0000000800000000)
  region size 2048K, 0 young (0K), 0 survivors (0K)
 Metaspace       used 85428K, committed 90432K, reserved 1155072K
  class space    used 10232K, committed 12224K, reserved 1048576K
}
Event: 9311.351 GC heap before
{Heap before GC invocations=288 (full 86):
 garbage-first heap   total 294912K, used 241580K [0x0000000702800000, 0x0000000800000000)
  region size 2048K, 56 young (114688K), 0 survivors (0K)
 Metaspace       used 85929K, committed 90432K, reserved 1155072K
  class space    used 10299K, committed 12224K, reserved 1048576K
}
Event: 9311.355 GC heap after
{Heap after GC invocations=289 (full 86):
 garbage-first heap   total 294912K, used 134078K [0x0000000702800000, 0x0000000800000000)
  region size 2048K, 3 young (6144K), 3 survivors (6144K)
 Metaspace       used 85929K, committed 90432K, reserved 1155072K
  class space    used 10299K, committed 12224K, reserved 1048576K
}
Event: 9369.563 GC heap before
{Heap before GC invocations=290 (full 86):
 garbage-first heap   total 294912K, used 240574K [0x0000000702800000, 0x0000000800000000)
  region size 2048K, 56 young (114688K), 3 survivors (6144K)
 Metaspace       used 86280K, committed 90432K, reserved 1155072K
  class space    used 10327K, committed 12224K, reserved 1048576K
}

Dll operation events (9 events):
Event: 0.071 Loaded shared library C:\eclipseSpringBoot\eclipse-jee-2022-12-R-win32-x86_64\eclipse\plugins\org.eclipse.justj.openjdk.hotspot.jre.full.win32.x86_64_17.0.5.v20221102-0933\jre\bin\java.dll
Event: 0.305 Loaded shared library C:\eclipseSpringBoot\eclipse-jee-2022-12-R-win32-x86_64\eclipse\plugins\org.eclipse.justj.openjdk.hotspot.jre.full.win32.x86_64_17.0.5.v20221102-0933\jre\bin\jimage.dll
Event: 0.350 Loaded shared library C:\eclipseSpringBoot\eclipse-jee-2022-12-R-win32-x86_64\eclipse\plugins\org.eclipse.justj.openjdk.hotspot.jre.full.win32.x86_64_17.0.5.v20221102-0933\jre\bin\net.dll
Event: 0.375 Loaded shared library C:\eclipseSpringBoot\eclipse-jee-2022-12-R-win32-x86_64\eclipse\plugins\org.eclipse.justj.openjdk.hotspot.jre.full.win32.x86_64_17.0.5.v20221102-0933\jre\bin\nio.dll
Event: 0.382 Loaded shared library C:\eclipseSpringBoot\eclipse-jee-2022-12-R-win32-x86_64\eclipse\plugins\org.eclipse.justj.openjdk.hotspot.jre.full.win32.x86_64_17.0.5.v20221102-0933\jre\bin\zip.dll
Event: 1.157 Loaded shared library C:\eclipseSpringBoot\eclipse-jee-2022-12-R-win32-x86_64\eclipse\plugins\org.eclipse.justj.openjdk.hotspot.jre.full.win32.x86_64_17.0.5.v20221102-0933\jre\bin\management.dll
Event: 1.202 Loaded shared library C:\eclipseSpringBoot\eclipse-jee-2022-12-R-win32-x86_64\eclipse\plugins\org.eclipse.justj.openjdk.hotspot.jre.full.win32.x86_64_17.0.5.v20221102-0933\jre\bin\management_ext.dll
Event: 1.582 Loaded shared library C:\eclipseSpringBoot\eclipse-jee-2022-12-R-win32-x86_64\eclipse\plugins\org.eclipse.justj.openjdk.hotspot.jre.full.win32.x86_64_17.0.5.v20221102-0933\jre\bin\verify.dll
Event: 3.399 Loaded shared library C:\eclipseSpringBoot\eclipse-jee-2022-12-R-win32-x86_64\eclipse\plugins\org.eclipse.justj.openjdk.hotspot.jre.full.win32.x86_64_17.0.5.v20221102-0933\jre\bin\sunmscapi.dll

Deoptimization events (20 events):
Event: 15.604 Thread 0x0000029a0822f420 DEOPT PACKING pc=0x0000029a76d675ab sp=0x000000c9559fb180
Event: 15.604 Thread 0x0000029a0822f420 DEOPT UNPACKING pc=0x0000029a76c62b43 sp=0x000000c9559fa678 mode 3
Event: 15.615 Thread 0x0000029a0822f420 DEOPT PACKING pc=0x0000029a76d5510e sp=0x000000c9559fbf50
Event: 15.615 Thread 0x0000029a0822f420 DEOPT UNPACKING pc=0x0000029a76c62b43 sp=0x000000c9559fb410 mode 3
Event: 953.449 Thread 0x0000029a0ac7f440 DEOPT PACKING pc=0x0000029a781367d4 sp=0x000000c954afd410
Event: 953.449 Thread 0x0000029a0ac7f440 DEOPT UNPACKING pc=0x0000029a76c62b43 sp=0x000000c954afc8a8 mode 3
Event: 1151.989 Thread 0x0000029a0a915190 DEOPT PACKING pc=0x0000029a78502b6a sp=0x000000c9558fa8f0
Event: 1151.989 Thread 0x0000029a0a915190 DEOPT UNPACKING pc=0x0000029a76c62b43 sp=0x000000c9558f9d70 mode 3
Event: 1266.911 Thread 0x0000029a0ac81120 DEOPT PACKING pc=0x0000029a784a9755 sp=0x000000c9569fcd80
Event: 1266.911 Thread 0x0000029a0ac81120 DEOPT UNPACKING pc=0x0000029a76c62b43 sp=0x000000c9569fc2b0 mode 3
Event: 2123.521 Thread 0x0000029a0a916e70 DEOPT PACKING pc=0x0000029a787dea77 sp=0x000000c955dfad90
Event: 2123.521 Thread 0x0000029a0a916e70 DEOPT UNPACKING pc=0x0000029a76c62b43 sp=0x000000c955dfa810 mode 3
Event: 3079.142 Thread 0x0000029a0b381120 DEOPT PACKING pc=0x0000029a78b90c9f sp=0x000000c955dfb300
Event: 3079.143 Thread 0x0000029a0b381120 DEOPT UNPACKING pc=0x0000029a76c62b43 sp=0x000000c955dfa808 mode 3
Event: 3609.178 Thread 0x0000029a0a919e90 DEOPT PACKING pc=0x0000029a78c481cb sp=0x000000c953dfd6f0
Event: 3609.179 Thread 0x0000029a0a919e90 DEOPT UNPACKING pc=0x0000029a76c62b43 sp=0x000000c953dfcbb8 mode 3
Event: 7133.089 Thread 0x0000029a0e613860 DEOPT PACKING pc=0x0000029a78f0a6c3 sp=0x000000c953dfd550
Event: 7133.089 Thread 0x0000029a0e613860 DEOPT UNPACKING pc=0x0000029a76c62b43 sp=0x000000c953dfca18 mode 3
Event: 9087.326 Thread 0x0000029a0e22d560 DEOPT PACKING pc=0x0000029a792f29ba sp=0x000000c9586fb420
Event: 9087.326 Thread 0x0000029a0e22d560 DEOPT UNPACKING pc=0x0000029a76c62b43 sp=0x000000c9586faa98 mode 3

Classes unloaded (20 events):
Event: 9310.833 Thread 0x0000029a06846d30 Unloading class 0x0000000800ad8bd8 'com/baseball/service/importAPI/impl/ImportAPIRestDaoImpl'
Event: 9310.833 Thread 0x0000029a06846d30 Unloading class 0x0000000800ad89e0 'com/baseball/service/importAPI/ImportAPIRestDao'
Event: 9310.833 Thread 0x0000029a06846d30 Unloading class 0x0000000800ad86d8 'com/baseball/service/game/impl/GameServiceImpl'
Event: 9310.833 Thread 0x0000029a06846d30 Unloading class 0x0000000800ad84e0 'com/baseball/service/game/GameService'
Event: 9310.833 Thread 0x0000029a06846d30 Unloading class 0x0000000800ad8268 'com/baseball/service/game/impl/GameCrawlingDaoImpl'
Event: 9310.833 Thread 0x0000029a06846d30 Unloading class 0x0000000800d82dc0 'com/baseball/service/game/GameCrawlingDao'
Event: 9310.833 Thread 0x0000029a06846d30 Unloading class 0x0000000800ad8000 'com/baseball/service/comment/impl/CommentServiceImpl'
Event: 9310.833 Thread 0x0000029a06846d30 Unloading class 0x0000000800d82bc8 'com/baseball/service/comment/CommentService'
Event: 9310.833 Thread 0x0000029a06846d30 Unloading class 0x0000000800d82938 'com/baseball/service/channel/impl/ChannelServiceImpl'
Event: 9310.833 Thread 0x0000029a06846d30 Unloading class 0x0000000800d82740 'com/baseball/service/channel/ChannelService'
Event: 9310.833 Thread 0x0000029a06846d30 Unloading class 0x0000000800d824b8 'com/baseball/service/channel/impl/ChannelRestServiceImpl'
Event: 9310.833 Thread 0x0000029a06846d30 Unloading class 0x0000000800d822c0 'com/baseball/service/channel/ChannelRestService'
Event: 9310.833 Thread 0x0000029a06846d30 Unloading class 0x0000000800d82000 'com/baseball/service/channel/impl/ChannelRestDaoImpl'
Event: 9310.833 Thread 0x0000029a06846d30 Unloading class 0x0000000800d6dca0 'com/baseball/service/channel/ChannelRestDao'
Event: 9310.833 Thread 0x0000029a06846d30 Unloading class 0x0000000800d6da58 'com/baseball/service/bestplayer/impl/BestPlayerServiceImpl'
Event: 9310.833 Thread 0x0000029a06846d30 Unloading class 0x0000000800d6ce08 'com/baseball/service/bestplayer/BestPlayerService'
Event: 9310.833 Thread 0x0000029a06846d30 Unloading class 0x0000000800d6d800 'com/baseball/service/basket/impl/BasketServiceImpl'
Event: 9310.833 Thread 0x0000029a06846d30 Unloading class 0x0000000800d6cc10 'com/baseball/service/basket/BasketService'
Event: 9310.833 Thread 0x0000029a06846d30 Unloading class 0x0000000800d6ca00 'com/baseball/common/config/ChromeDriverConfig'
Event: 9310.833 Thread 0x0000029a06846d30 Unloading class 0x0000000800d6c800 'com/baseball/YagurouteApplication'

Classes redefined (0 events):
No events

Internal exceptions (20 events):
Event: 9310.896 Thread 0x0000029a0e22d560 Exception <a 'sun/nio/fs/WindowsException'{0x000000071474c328}> (0x000000071474c328) 
thrown [s\src\hotspot\share\prims\jni.cpp, line 516]
Event: 9311.141 Thread 0x0000029a0e22d560 Exception <a 'java/lang/NoClassDefFoundError'{0x00000007128d6280}: org/flywaydb/core/Flyway> (0x00000007128d6280) 
thrown [s\src\hotspot\share\oops\constantPool.cpp, line 835]
Event: 9311.141 Thread 0x0000029a0e22d560 Exception <a 'java/lang/NoClassDefFoundError'{0x00000007128d68d0}: liquibase/integration/spring/SpringLiquibase> (0x00000007128d68d0) 
thrown [s\src\hotspot\share\oops\constantPool.cpp, line 835]
Event: 9311.146 Thread 0x0000029a0e22d560 Exception <a 'java/lang/NoClassDefFoundError'{0x0000000712971ba0}: org/jooq/DSLContext> (0x0000000712971ba0) 
thrown [s\src\hotspot\share\oops\constantPool.cpp, line 835]
Event: 9311.146 Thread 0x0000029a0e22d560 Exception <a 'java/lang/NoClassDefFoundError'{0x0000000712973108}: javax/persistence/EntityManagerFactory> (0x0000000712973108) 
thrown [s\src\hotspot\share\oops\constantPool.cpp, line 835]
Event: 9311.146 Thread 0x0000029a0e22d560 Exception <a 'java/lang/NoClassDefFoundError'{0x0000000712973768}: org/springframework/batch/core/repository/JobRepository> (0x0000000712973768) 
thrown [s\src\hotspot\share\oops\constantPool.cpp, line 835]
Event: 9311.146 Thread 0x0000029a0e22d560 Exception <a 'java/lang/NoClassDefFoundError'{0x0000000712973db0}: org/quartz/Scheduler> (0x0000000712973db0) 
thrown [s\src\hotspot\share\oops\constantPool.cpp, line 835]
Event: 9311.146 Thread 0x0000029a0e22d560 Exception <a 'java/lang/NoClassDefFoundError'{0x0000000712974420}: org/springframework/session/jdbc/JdbcIndexedSessionRepository> (0x0000000712974420) 
thrown [s\src\hotspot\share\oops\constantPool.cpp, line 835]
Event: 9311.189 Thread 0x0000029a0e22d560 Exception <a 'sun/nio/fs/WindowsException'{0x0000000711e32b60}> (0x0000000711e32b60) 
thrown [s\src\hotspot\share\prims\jni.cpp, line 516]
Event: 9311.189 Thread 0x0000029a0e22d560 Exception <a 'sun/nio/fs/WindowsException'{0x0000000711e33270}> (0x0000000711e33270) 
thrown [s\src\hotspot\share\prims\jni.cpp, line 516]
Event: 9311.189 Thread 0x0000029a0e22d560 Exception <a 'sun/nio/fs/WindowsException'{0x0000000711e33968}> (0x0000000711e33968) 
thrown [s\src\hotspot\share\prims\jni.cpp, line 516]
Event: 9311.198 Thread 0x0000029a0e22d560 Exception <a 'java/io/FileNotFoundException'{0x0000000711e8c2c8}> (0x0000000711e8c2c8) 
thrown [s\src\hotspot\share\prims\jni.cpp, line 516]
Event: 9311.571 Thread 0x0000029a0e2318c0 Exception <a 'java/lang/NoSuchMethodError'{0x000000071169c9d0}: static [B.<clinit>()V> (0x000000071169c9d0) 
thrown [s\src\hotspot\share\prims\jni.cpp, line 1107]
Event: 9366.906 Thread 0x0000029a0e47aa90 Exception <a 'java/net/SocketException'{0x0000000710716df0}: Socket is not connected: shutdown> (0x0000000710716df0) 
thrown [s\src\hotspot\share\prims\jni.cpp, line 535]
Event: 9366.931 Thread 0x0000029a0e22d090 Exception <a 'java/net/ConnectException'{0x00000007107fbaa0}: Connection refused: no further information> (0x00000007107fbaa0) 
thrown [s\src\hotspot\share\prims\jni.cpp, line 535]
Event: 9366.931 Thread 0x0000029a0e22d090 Exception <a 'java/net/SocketException'{0x00000007107fbdd8}: Socket is not connected: shutdown> (0x00000007107fbdd8) 
thrown [s\src\hotspot\share\prims\jni.cpp, line 535]
Event: 9366.949 Thread 0x0000029a0e22d090 Exception <a 'java/net/ConnectException'{0x00000007107fce20}: Connection refused: no further information> (0x00000007107fce20) 
thrown [s\src\hotspot\share\prims\jni.cpp, line 535]
Event: 9366.949 Thread 0x0000029a0e22d090 Exception <a 'java/net/SocketException'{0x00000007107fd158}: Socket is not connected: shutdown> (0x00000007107fd158) 
thrown [s\src\hotspot\share\prims\jni.cpp, line 535]
Event: 9366.982 Thread 0x0000029a0e22d090 Exception <a 'java/net/ConnectException'{0x00000007107fe1a0}: Connection refused: no further information> (0x00000007107fe1a0) 
thrown [s\src\hotspot\share\prims\jni.cpp, line 535]
Event: 9366.982 Thread 0x0000029a0e22d090 Exception <a 'java/net/SocketException'{0x00000007107fe4d8}: Socket is not connected: shutdown> (0x00000007107fe4d8) 
thrown [s\src\hotspot\share\prims\jni.cpp, line 535]

VM Operations (20 events):
Event: 9084.756 Executing VM operation: Cleanup done
Event: 9273.094 Executing VM operation: G1CollectForAllocation
Event: 9273.106 Executing VM operation: G1CollectForAllocation done
Event: 9273.129 Executing VM operation: G1Concurrent
Event: 9273.167 Executing VM operation: G1Concurrent done
Event: 9273.176 Executing VM operation: G1Concurrent
Event: 9273.177 Executing VM operation: G1Concurrent done
Event: 9310.822 Executing VM operation: G1CollectFull
Event: 9310.886 Executing VM operation: G1CollectFull done
Event: 9311.351 Executing VM operation: G1CollectForAllocation
Event: 9311.355 Executing VM operation: G1CollectForAllocation done
Event: 9311.380 Executing VM operation: G1Concurrent
Event: 9311.389 Executing VM operation: G1Concurrent done
Event: 9311.398 Executing VM operation: G1Concurrent
Event: 9311.399 Executing VM operation: G1Concurrent done
Event: 9312.403 Executing VM operation: Cleanup
Event: 9312.403 Executing VM operation: Cleanup done
Event: 9367.846 Executing VM operation: Cleanup
Event: 9367.847 Executing VM operation: Cleanup done
Event: 9369.563 Executing VM operation: G1CollectForAllocation

Events (20 events):
Event: 9311.568 Thread 0x0000029a0e47b900 Thread added: 0x0000029a0e47b900
Event: 9311.568 Thread 0x0000029a0e47aa90 Thread added: 0x0000029a0e47aa90
Event: 9311.570 Thread 0x0000029a0e22d090 Thread exited: 0x0000029a0e22d090
Event: 9311.570 Thread 0x0000029a0e22d560 Thread exited: 0x0000029a0e22d560
Event: 9311.571 Thread 0x0000029a0e47cc40 Thread added: 0x0000029a0e47cc40
Event: 9311.571 Thread 0x0000029a0e479750 Thread added: 0x0000029a0e479750
Event: 9311.571 Thread 0x0000029a0e47a5c0 Thread added: 0x0000029a0e47a5c0
Event: 9311.574 Thread 0x0000029a0e47a5c0 Thread exited: 0x0000029a0e47a5c0
Event: 9312.589 Thread 0x0000029a0e479750 Thread exited: 0x0000029a0e479750
Event: 9366.912 Thread 0x0000029a0e479750 Thread added: 0x0000029a0e479750
Event: 9366.914 Thread 0x0000029a0e47a5c0 Thread added: 0x0000029a0e47a5c0
Event: 9366.916 Thread 0x0000029a0b247e60 Thread added: 0x0000029a0b247e60
Event: 9366.917 Thread 0x0000029a0b248330 Thread added: 0x0000029a0b248330
Event: 9366.917 Thread 0x0000029a0b249670 Thread added: 0x0000029a0b249670
Event: 9366.917 Thread 0x0000029a0e22d090 Thread added: 0x0000029a0e22d090
Event: 9366.923 Thread 0x0000029a0e22d560 Thread added: 0x0000029a0e22d560
Event: 9366.923 Thread 0x0000029a0e4345d0 Thread added: 0x0000029a0e4345d0
Event: 9367.027 Thread 0x0000029a0e435910 Thread added: 0x0000029a0e435910
Event: 9368.536 Thread 0x0000029a0e437120 Thread added: 0x0000029a0e437120
Event: 9368.652 Thread 0x0000029a0e4362b0 Thread added: 0x0000029a0e4362b0


Dynamic libraries:
0x00007ff69c790000 - 0x00007ff69c79e000 	C:\eclipseSpringBoot\eclipse-jee-2022-12-R-win32-x86_64\eclipse\plugins\org.eclipse.justj.openjdk.hotspot.jre.full.win32.x86_64_17.0.5.v20221102-0933\jre\bin\javaw.exe
0x00007ff95a4f0000 - 0x00007ff95a6e8000 	C:\WINDOWS\SYSTEM32\ntdll.dll
0x00007ff9598f0000 - 0x00007ff9599af000 	C:\WINDOWS\System32\KERNEL32.DLL
0x00007ff958130000 - 0x00007ff958426000 	C:\WINDOWS\System32\KERNELBASE.dll
0x00007ff957cd0000 - 0x00007ff957dd0000 	C:\WINDOWS\System32\ucrtbase.dll
0x00007ff9437f0000 - 0x00007ff943809000 	C:\eclipseSpringBoot\eclipse-jee-2022-12-R-win32-x86_64\eclipse\plugins\org.eclipse.justj.openjdk.hotspot.jre.full.win32.x86_64_17.0.5.v20221102-0933\jre\bin\VCRUNTIME140.dll
0x00007ff944900000 - 0x00007ff944917000 	C:\eclipseSpringBoot\eclipse-jee-2022-12-R-win32-x86_64\eclipse\plugins\org.eclipse.justj.openjdk.hotspot.jre.full.win32.x86_64_17.0.5.v20221102-0933\jre\bin\jli.dll
0x00007ff95a0a0000 - 0x00007ff95a23d000 	C:\WINDOWS\System32\USER32.dll
0x00007ff958070000 - 0x00007ff958092000 	C:\WINDOWS\System32\win32u.dll
0x00007ff93d490000 - 0x00007ff93d72a000 	C:\WINDOWS\WinSxS\amd64_microsoft.windows.common-controls_6595b64144ccf1df_6.0.19041.1110_none_60b5254171f9507e\COMCTL32.dll
0x00007ff95a300000 - 0x00007ff95a32c000 	C:\WINDOWS\System32\GDI32.dll
0x00007ff959640000 - 0x00007ff9596de000 	C:\WINDOWS\System32\msvcrt.dll
0x00007ff958430000 - 0x00007ff958545000 	C:\WINDOWS\System32\gdi32full.dll
0x00007ff957e00000 - 0x00007ff957e9d000 	C:\WINDOWS\System32\msvcp_win.dll
0x00007ff959610000 - 0x00007ff959640000 	C:\WINDOWS\System32\IMM32.DLL
0x00007ff955430000 - 0x00007ff95543c000 	C:\eclipseSpringBoot\eclipse-jee-2022-12-R-win32-x86_64\eclipse\plugins\org.eclipse.justj.openjdk.hotspot.jre.full.win32.x86_64_17.0.5.v20221102-0933\jre\bin\vcruntime140_1.dll
0x00007ff91e230000 - 0x00007ff91e2c1000 	C:\eclipseSpringBoot\eclipse-jee-2022-12-R-win32-x86_64\eclipse\plugins\org.eclipse.justj.openjdk.hotspot.jre.full.win32.x86_64_17.0.5.v20221102-0933\jre\bin\msvcp140.dll
0x00007ff918380000 - 0x00007ff918fc4000 	C:\eclipseSpringBoot\eclipse-jee-2022-12-R-win32-x86_64\eclipse\plugins\org.eclipse.justj.openjdk.hotspot.jre.full.win32.x86_64_17.0.5.v20221102-0933\jre\bin\server\jvm.dll
0x00007ff95a250000 - 0x00007ff95a2ff000 	C:\WINDOWS\System32\ADVAPI32.dll
0x00007ff95a410000 - 0x00007ff95a4ac000 	C:\WINDOWS\System32\sechost.dll
0x00007ff959f70000 - 0x00007ff95a096000 	C:\WINDOWS\System32\RPCRT4.dll
0x00007ff93f100000 - 0x00007ff93f127000 	C:\WINDOWS\SYSTEM32\WINMM.dll
0x00007ff951370000 - 0x00007ff95137a000 	C:\WINDOWS\SYSTEM32\VERSION.dll
0x00007ff955420000 - 0x00007ff955429000 	C:\WINDOWS\SYSTEM32\WSOCK32.dll
0x00007ff9599b0000 - 0x00007ff959a1b000 	C:\WINDOWS\System32\WS2_32.dll
0x00007ff955a70000 - 0x00007ff955a82000 	C:\WINDOWS\SYSTEM32\kernel.appcore.dll
0x00007ff955370000 - 0x00007ff95537a000 	C:\eclipseSpringBoot\eclipse-jee-2022-12-R-win32-x86_64\eclipse\plugins\org.eclipse.justj.openjdk.hotspot.jre.full.win32.x86_64_17.0.5.v20221102-0933\jre\bin\jimage.dll
0x00007ff94a560000 - 0x00007ff94a744000 	C:\WINDOWS\SYSTEM32\DBGHELP.DLL
0x00007ff942e10000 - 0x00007ff942e44000 	C:\WINDOWS\SYSTEM32\dbgcore.DLL
0x00007ff9580a0000 - 0x00007ff958122000 	C:\WINDOWS\System32\bcryptPrimitives.dll
0x00007ff941be0000 - 0x00007ff941c05000 	C:\eclipseSpringBoot\eclipse-jee-2022-12-R-win32-x86_64\eclipse\plugins\org.eclipse.justj.openjdk.hotspot.jre.full.win32.x86_64_17.0.5.v20221102-0933\jre\bin\java.dll
0x00007ff94e740000 - 0x00007ff94e758000 	C:\eclipseSpringBoot\eclipse-jee-2022-12-R-win32-x86_64\eclipse\plugins\org.eclipse.justj.openjdk.hotspot.jre.full.win32.x86_64_17.0.5.v20221102-0933\jre\bin\zip.dll
0x00007ff958c00000 - 0x00007ff959344000 	C:\WINDOWS\System32\SHELL32.dll
0x00007ff955c70000 - 0x00007ff956403000 	C:\WINDOWS\SYSTEM32\windows.storage.dll
0x00007ff959b70000 - 0x00007ff959ec4000 	C:\WINDOWS\System32\combase.dll
0x00007ff957630000 - 0x00007ff95765e000 	C:\WINDOWS\SYSTEM32\Wldp.dll
0x00007ff958550000 - 0x00007ff9585fd000 	C:\WINDOWS\System32\SHCORE.dll
0x00007ff9595b0000 - 0x00007ff959605000 	C:\WINDOWS\System32\shlwapi.dll
0x00007ff957b10000 - 0x00007ff957b2f000 	C:\WINDOWS\SYSTEM32\profapi.dll
0x00007ff93f160000 - 0x00007ff93f179000 	C:\eclipseSpringBoot\eclipse-jee-2022-12-R-win32-x86_64\eclipse\plugins\org.eclipse.justj.openjdk.hotspot.jre.full.win32.x86_64_17.0.5.v20221102-0933\jre\bin\net.dll
0x00007ff94f4e0000 - 0x00007ff94f5ea000 	C:\WINDOWS\SYSTEM32\WINHTTP.dll
0x00007ff957340000 - 0x00007ff9573aa000 	C:\WINDOWS\system32\mswsock.dll
0x00007ff933fc0000 - 0x00007ff933fd5000 	C:\eclipseSpringBoot\eclipse-jee-2022-12-R-win32-x86_64\eclipse\plugins\org.eclipse.justj.openjdk.hotspot.jre.full.win32.x86_64_17.0.5.v20221102-0933\jre\bin\nio.dll
0x00007ff953840000 - 0x00007ff953849000 	C:\eclipseSpringBoot\eclipse-jee-2022-12-R-win32-x86_64\eclipse\plugins\org.eclipse.justj.openjdk.hotspot.jre.full.win32.x86_64_17.0.5.v20221102-0933\jre\bin\management.dll
0x00007ff950de0000 - 0x00007ff950deb000 	C:\eclipseSpringBoot\eclipse-jee-2022-12-R-win32-x86_64\eclipse\plugins\org.eclipse.justj.openjdk.hotspot.jre.full.win32.x86_64_17.0.5.v20221102-0933\jre\bin\management_ext.dll
0x00007ff959f60000 - 0x00007ff959f68000 	C:\WINDOWS\System32\PSAPI.DLL
0x00007ff942710000 - 0x00007ff942727000 	C:\WINDOWS\system32\napinsp.dll
0x00007ff9426f0000 - 0x00007ff94270b000 	C:\WINDOWS\system32\pnrpnsp.dll
0x00007ff952b10000 - 0x00007ff952b25000 	C:\WINDOWS\system32\wshbth.dll
0x00007ff951b10000 - 0x00007ff951b2d000 	C:\WINDOWS\system32\NLAapi.dll
0x00007ff956ff0000 - 0x00007ff95702c000 	C:\WINDOWS\SYSTEM32\IPHLPAPI.DLL
0x00007ff957030000 - 0x00007ff9570fb000 	C:\WINDOWS\SYSTEM32\DNSAPI.dll
0x00007ff95a240000 - 0x00007ff95a248000 	C:\WINDOWS\System32\NSI.dll
0x00007ff942730000 - 0x00007ff942742000 	C:\WINDOWS\System32\winrnr.dll
0x00007ff944010000 - 0x00007ff94401a000 	C:\Windows\System32\rasadhlp.dll
0x00007ff943f80000 - 0x00007ff944002000 	C:\WINDOWS\System32\fwpuclnt.dll
0x00007ff957dd0000 - 0x00007ff957df7000 	C:\WINDOWS\System32\bcrypt.dll
0x00007ff957500000 - 0x00007ff957518000 	C:\WINDOWS\SYSTEM32\CRYPTSP.dll
0x00007ff956b90000 - 0x00007ff956bc4000 	C:\WINDOWS\system32\rsaenh.dll
0x00007ff957a90000 - 0x00007ff957abe000 	C:\WINDOWS\SYSTEM32\USERENV.dll
0x00007ff9574f0000 - 0x00007ff9574fc000 	C:\WINDOWS\SYSTEM32\CRYPTBASE.dll
0x00007ff9511b0000 - 0x00007ff9511c7000 	C:\WINDOWS\SYSTEM32\dhcpcsvc6.DLL
0x00007ff951140000 - 0x00007ff95115d000 	C:\WINDOWS\SYSTEM32\dhcpcsvc.DLL
0x00007ff9392a0000 - 0x00007ff9392b0000 	C:\eclipseSpringBoot\eclipse-jee-2022-12-R-win32-x86_64\eclipse\plugins\org.eclipse.justj.openjdk.hotspot.jre.full.win32.x86_64_17.0.5.v20221102-0933\jre\bin\verify.dll
0x00007ff955440000 - 0x00007ff95544e000 	C:\eclipseSpringBoot\eclipse-jee-2022-12-R-win32-x86_64\eclipse\plugins\org.eclipse.justj.openjdk.hotspot.jre.full.win32.x86_64_17.0.5.v20221102-0933\jre\bin\sunmscapi.dll
0x00007ff957ea0000 - 0x00007ff957ffe000 	C:\WINDOWS\System32\CRYPT32.dll
0x00007ff9576a0000 - 0x00007ff9576c8000 	C:\WINDOWS\SYSTEM32\ncrypt.dll
0x00007ff957660000 - 0x00007ff95769b000 	C:\WINDOWS\SYSTEM32\NTASN1.dll
0x00007ff951be0000 - 0x00007ff951be7000 	C:\WINDOWS\system32\wshunix.dll

dbghelp: loaded successfully - version: 4.0.5 - missing functions: none
symbol engine: initialized successfully - sym options: 0x614 - pdb path: .;C:\eclipseSpringBoot\eclipse-jee-2022-12-R-win32-x86_64\eclipse\plugins\org.eclipse.justj.openjdk.hotspot.jre.full.win32.x86_64_17.0.5.v20221102-0933\jre\bin;C:\WINDOWS\SYSTEM32;C:\WINDOWS\WinSxS\amd64_microsoft.windows.common-controls_6595b64144ccf1df_6.0.19041.1110_none_60b5254171f9507e;C:\eclipseSpringBoot\eclipse-jee-2022-12-R-win32-x86_64\eclipse\plugins\org.eclipse.justj.openjdk.hotspot.jre.full.win32.x86_64_17.0.5.v20221102-0933\jre\bin\server

VM Arguments:
jvm_args: -Dcom.sun.management.jmxremote -Dcom.sun.management.jmxremote.port=56387 -Dcom.sun.management.jmxremote.authenticate=false -Dcom.sun.management.jmxremote.ssl=false -Djava.rmi.server.hostname=localhost -Dspring.jmx.enabled=true -Dmanagement.endpoints.jmx.exposure.include=* -Dspring.application.admin.enabled=true -XX:TieredStopAtLevel=1 -Dspring.boot.project.name=yaguroute -Dfile.encoding=UTF-8 -XX:+ShowCodeDetailsInExceptionMessages 
java_command: com.baseball.YagurouteApplication --spring.output.ansi.enabled=always
java_class_path (initial): C:\mainPJT\mainPJT\yaguroute\target\classes;C:\Users\Bitcamp\.m2\repository\org\springframework\boot\spring-boot-starter-web\2.7.11\spring-boot-starter-web-2.7.11.jar;C:\Users\Bitcamp\.m2\repository\org\springframework\boot\spring-boot-starter\2.7.11\spring-boot-starter-2.7.11.jar;C:\Users\Bitcamp\.m2\repository\org\springframework\boot\spring-boot-starter-logging\2.7.11\spring-boot-starter-logging-2.7.11.jar;C:\Users\Bitcamp\.m2\repository\ch\qos\logback\logback-classic\1.2.12\logback-classic-1.2.12.jar;C:\Users\Bitcamp\.m2\repository\ch\qos\logback\logback-core\1.2.12\logback-core-1.2.12.jar;C:\Users\Bitcamp\.m2\repository\org\apache\logging\log4j\log4j-to-slf4j\2.17.2\log4j-to-slf4j-2.17.2.jar;C:\Users\Bitcamp\.m2\repository\org\apache\logging\log4j\log4j-api\2.17.2\log4j-api-2.17.2.jar;C:\Users\Bitcamp\.m2\repository\org\slf4j\jul-to-slf4j\1.7.36\jul-to-slf4j-1.7.36.jar;C:\Users\Bitcamp\.m2\repository\org\yaml\snakeyaml\1.30\snakeyaml-1.30.jar;C:\Users\Bitcamp\.m2\repository\org\springframework\boot\spring-boot-starter-json\2.7.11\spring-boot-starter-json-2.7.11.jar;C:\Users\Bitcamp\.m2\repository\com\fasterxml\jackson\datatype\jackson-datatype-jdk8\2.13.5\jackson-datatype-jdk8-2.13.5.jar;C:\Users\Bitcamp\.m2\repository\com\fasterxml\jackson\datatype\jackson-datatype-jsr310\2.13.5\jackson-datatype-jsr310-2.13.5.jar;C:\Users\Bitcamp\.m2\repository\com\fasterxml\jackson\module\jackson-module-parameter-names\2.13.5\jackson-module-parameter-names-2.13.5.jar;C:\Users\Bitcamp\.m2\repository\org\springframework\spring-web\5.3.27\spring-web-5.3.27.jar;C:\Users\Bitcamp\.m2\repository\org\springframework\spring-beans\5.3.27\spring-beans-5.3.27.jar;C:\Users\Bitcamp\.m2\repository\org\springframework\spring-webmvc\5.3.27\spring-webmvc-5.3.27.jar;C:\Users\Bitcamp\.m2\repository\org\springframework\spring-context\5.3.27\spring-context-5.3.27.jar;C:\Users\Bitcamp\.m2\repository\org\springframework\spring-expression\5.3.27\spring-expression-5.3.27.j
Launcher Type: SUN_STANDARD

[Global flags]
     intx CICompilerCount                          = 4                                         {product} {ergonomic}
     uint ConcGCThreads                            = 2                                         {product} {ergonomic}
     uint G1ConcRefinementThreads                  = 8                                         {product} {ergonomic}
   size_t G1HeapRegionSize                         = 2097152                                   {product} {ergonomic}
    uintx GCDrainStackTargetSize                   = 64                                        {product} {ergonomic}
   size_t InitialHeapSize                          = 266338304                                 {product} {ergonomic}
     bool ManagementServer                         = true                                      {product} {command line}
   size_t MarkStackSize                            = 4194304                                   {product} {ergonomic}
   size_t MaxHeapSize                              = 4253024256                                {product} {ergonomic}
   size_t MaxNewSize                               = 2550136832                                {product} {ergonomic}
   size_t MinHeapDeltaBytes                        = 2097152                                   {product} {ergonomic}
   size_t MinHeapSize                              = 8388608                                   {product} {ergonomic}
    uintx NonProfiledCodeHeapSize                  = 0                                      {pd product} {ergonomic}
     bool ProfileInterpreter                       = false                                  {pd product} {command line}
    uintx ProfiledCodeHeapSize                     = 0                                      {pd product} {ergonomic}
     bool ShowCodeDetailsInExceptionMessages       = true                                   {manageable} {command line}
   size_t SoftMaxHeapSize                          = 4253024256                             {manageable} {ergonomic}
     intx TieredStopAtLevel                        = 1                                         {product} {command line}
     bool UseCompressedClassPointers               = true                           {product lp64_product} {ergonomic}
     bool UseCompressedOops                        = true                           {product lp64_product} {ergonomic}
     bool UseG1GC                                  = true                                      {product} {ergonomic}
     bool UseLargePagesIndividualAllocation        = false                                  {pd product} {ergonomic}

Logging:
Log output configuration:
 #0: stdout all=warning uptime,level,tags
 #1: stderr all=off uptime,level,tags

Environment Variables:
JAVA_HOME=C:\Program Files\Java\jdk1.8.0_181
PATH=C:/eclipseSpringBoot/eclipse-jee-2022-12-R-win32-x86_64/eclipse//plugins/org.eclipse.justj.openjdk.hotspot.jre.full.win32.x86_64_17.0.5.v20221102-0933/jre/bin/server;C:/eclipseSpringBoot/eclipse-jee-2022-12-R-win32-x86_64/eclipse//plugins/org.eclipse.justj.openjdk.hotspot.jre.full.win32.x86_64_17.0.5.v20221102-0933/jre/bin;C:\oraclexe\app\oracle\product\10.2.0\server\bin;C:\Program Files (x86)\Common Files\Oracle\Java\javapath;C:\WINDOWS\system32;C:\WINDOWS;C:\WINDOWS\System32\Wbem;C:\WINDOWS\System32\WindowsPowerShell\v1.0\;C:\WINDOWS\System32\OpenSSH\;C:\Program Files\nodejs\;C:\Program Files\PuTTY\;C:\Program Files\Docker\Docker\resources\bin;C:\Users\Bitcamp\anaconda3;C:\Users\Bitcamp\anaconda3\Library\mingw-w64\bin;C:\Users\Bitcamp\anaconda3\Library\usr\bin;C:\Users\Bitcamp\anaconda3\Library\bin;C:\Users\Bitcamp\anaconda3\Scripts;C:\Users\Bitcamp\AppData\Local\Microsoft\WindowsApps;C:\Microsoft VS Code\bin;C:\Users\Bitcamp\AppData\Roaming\npm;C:\eclipseSpringBoot\eclipse-jee-2022-12-R-win32-x86_64\eclipse;
USERNAME=Bitcamp
OS=Windows_NT
PROCESSOR_IDENTIFIER=Intel64 Family 6 Model 158 Stepping 13, GenuineIntel
TMP=C:\Users\Bitcamp\AppData\Local\Temp
TEMP=C:\Users\Bitcamp\AppData\Local\Temp



---------------  S Y S T E M  ---------------

OS:
 Windows 10 , 64 bit Build 19041 (10.0.19041.2913)
OS uptime: 3 days 15:53 hours
Hyper-V role detected

CPU: total 8 (initial active 8) (8 cores per cpu, 1 threads per core) family 6 model 158 stepping 13 microcode 0xec, cx8, cmov, fxsr, mmx, 3dnowpref, sse, sse2, sse3, ssse3, sse4.1, sse4.2, popcnt, lzcnt, tsc, tscinvbit, avx, avx2, aes, erms, clmul, bmi1, bmi2, adx, fma, vzeroupper, clflush, clflushopt, hv

Memory: 4k page, system-wide physical 16222M (682M free)
TotalPageFile size 46624M (AvailPageFile size 62M)
current process WorkingSet (physical memory assigned to process): 332M, peak: 387M
current process commit charge ("private bytes"): 616M, peak: 674M

vm_info: OpenJDK 64-Bit Server VM (17.0.5+8) for windows-amd64 JRE (17.0.5+8), built on Oct 19 2022 04:48:13 by "temurin" with MS VC++ 16.7 (VS2019)

END.
