#
# There is insufficient memory for the Java Runtime Environment to continue.
# Native memory allocation (mmap) failed to map 146800640 bytes for G1 virtual space
# Possible reasons:
#   The system is out of physical RAM or swap space
#   The process is running with CompressedOops enabled, and the Java Heap may be blocking the growth of the native heap
# Possible solutions:
#   Reduce memory load on the system
#   Increase physical memory or swap space
#   Check if swap backing store is full
#   Decrease Java heap size (-Xmx/-Xms)
#   Decrease number of Java threads
#   Decrease Java thread stack sizes (-Xss)
#   Set larger code cache with -XX:ReservedCodeCacheSize=
#   JVM is running with Zero Based Compressed Oops mode in which the Java heap is
#     placed in the first 32GB address space. The Java Heap base address is the
#     maximum limit for the native heap growth. Please use -XX:HeapBaseMinAddress
#     to set the Java Heap base and to place the Java Heap above 32GB virtual address.
# This output file may be truncated or incomplete.
#
#  Out of Memory Error (os_windows.cpp:3548), pid=73588, tid=73668
#
# JRE version: OpenJDK Runtime Environment Temurin-17.0.5+8 (17.0.5+8) (build 17.0.5+8)
# Java VM: OpenJDK 64-Bit Server VM Temurin-17.0.5+8 (17.0.5+8, mixed mode, emulated-client, tiered, compressed oops, compressed class ptrs, g1 gc, windows-amd64)
# No core dump will be written. Minidumps are not enabled by default on client versions of Windows
#

---------------  S U M M A R Y ------------

Command Line: -Dcom.sun.management.jmxremote -Dcom.sun.management.jmxremote.port=61374 -Dcom.sun.management.jmxremote.authenticate=false -Dcom.sun.management.jmxremote.ssl=false -Djava.rmi.server.hostname=localhost -Dspring.jmx.enabled=true -Dmanagement.endpoints.jmx.exposure.include=* -Dspring.application.admin.enabled=true -XX:TieredStopAtLevel=1 -Dspring.boot.project.name=yaguroute -Dfile.encoding=UTF-8 -XX:+ShowCodeDetailsInExceptionMessages com.baseball.YagurouteApplication --spring.output.ansi.enabled=always

Host: Intel(R) Core(TM) i7-9700 CPU @ 3.00GHz, 8 cores, 15G,  Windows 10 , 64 bit Build 19041 (10.0.19041.2913)
Time: Sat Jun  3 14:54:09 2023  Windows 10 , 64 bit Build 19041 (10.0.19041.2913) elapsed time: 483.167034 seconds (0d 0h 8m 3s)

---------------  T H R E A D  ---------------

Current thread (0x000002a6608da320):  VMThread "VM Thread" [stack: 0x000000b17e600000,0x000000b17e700000] [id=73668]

Stack: [0x000000b17e600000,0x000000b17e700000]
Native frames: (J=compiled Java code, j=interpreted, Vv=VM code, C=native code)
V  [jvm.dll+0x676b3a]
V  [jvm.dll+0x831444]
V  [jvm.dll+0x832bee]
V  [jvm.dll+0x833253]
V  [jvm.dll+0x244ce5]
V  [jvm.dll+0x673a49]
V  [jvm.dll+0x66811a]
V  [jvm.dll+0x303ceb]
V  [jvm.dll+0x30b1e6]
V  [jvm.dll+0x35adbe]
V  [jvm.dll+0x35afef]
V  [jvm.dll+0x2dab88]
V  [jvm.dll+0x2d8e3c]
V  [jvm.dll+0x2d840c]
V  [jvm.dll+0x31c31b]
V  [jvm.dll+0x8376fb]
V  [jvm.dll+0x838434]
V  [jvm.dll+0x83894c]
V  [jvm.dll+0x838d24]
V  [jvm.dll+0x838df0]
V  [jvm.dll+0x7e17ea]
V  [jvm.dll+0x6759e5]
C  [ucrtbase.dll+0x21bb2]
C  [KERNEL32.DLL+0x17614]
C  [ntdll.dll+0x526a1]

VM_Operation (0x000000b1014fe540): G1CollectForAllocation, mode: safepoint, requested by thread 0x000002a6653bbc20


---------------  P R O C E S S  ---------------

Threads class SMR info:
_java_thread_list=0x000002a661d8ef90, length=36, elements={
0x000002a661469a30, 0x000002a66146af10, 0x000002a66149ca20, 0x000002a6614b64d0,
0x000002a6614b8da0, 0x000002a6614bc230, 0x000002a6614c3e60, 0x000002a6614c8400,
0x000002a66169fa20, 0x000002a66172bc20, 0x000002a661e5bd70, 0x000002a661e4f6d0,
0x000002a661eb7e80, 0x000002a661faad00, 0x000002a661eb9230, 0x000002a662db7e50,
0x000002a662db74b0, 0x000002a665110430, 0x000002a6651112a0, 0x000002a665111770,
0x000002a66510e750, 0x000002a665111c40, 0x000002a665112f80, 0x000002a665112110,
0x000002a665114790, 0x000002a6651125e0, 0x000002a665114c60, 0x000002a662db6640,
0x000002a6658689a0, 0x000002a665869340, 0x000002a66747b020, 0x000002a665869ce0,
0x000002a6658684d0, 0x000002a665867190, 0x000002a6659518e0, 0x000002a6653bbc20
}

Java Threads: ( => current thread )
  0x000002a661469a30 JavaThread "Reference Handler" daemon [_thread_blocked, id=72236, stack(0x000000b17e700000,0x000000b17e800000)]
  0x000002a66146af10 JavaThread "Finalizer" daemon [_thread_blocked, id=72292, stack(0x000000b17e800000,0x000000b17e900000)]
  0x000002a66149ca20 JavaThread "Signal Dispatcher" daemon [_thread_blocked, id=73216, stack(0x000000b17e900000,0x000000b17ea00000)]
  0x000002a6614b64d0 JavaThread "Attach Listener" daemon [_thread_blocked, id=18140, stack(0x000000b17ea00000,0x000000b17eb00000)]
  0x000002a6614b8da0 JavaThread "Service Thread" daemon [_thread_blocked, id=69628, stack(0x000000b17eb00000,0x000000b17ec00000)]
  0x000002a6614bc230 JavaThread "Monitor Deflation Thread" daemon [_thread_blocked, id=72552, stack(0x000000b17ec00000,0x000000b17ed00000)]
  0x000002a6614c3e60 JavaThread "C1 CompilerThread0" daemon [_thread_blocked, id=72768, stack(0x000000b17ed00000,0x000000b17ee00000)]
  0x000002a6614c8400 JavaThread "Sweeper thread" daemon [_thread_blocked, id=72544, stack(0x000000b17ee00000,0x000000b17ef00000)]
  0x000002a66169fa20 JavaThread "Common-Cleaner" daemon [_thread_blocked, id=72220, stack(0x000000b17ef00000,0x000000b17f000000)]
  0x000002a66172bc20 JavaThread "Notification Thread" daemon [_thread_blocked, id=72700, stack(0x000000b17f100000,0x000000b17f200000)]
  0x000002a661e5bd70 JavaThread "RMI TCP Accept-0" daemon [_thread_in_native, id=70212, stack(0x000000b17f300000,0x000000b17f400000)]
  0x000002a661e4f6d0 JavaThread "RMI TCP Accept-61374" daemon [_thread_in_native, id=72972, stack(0x000000b17f400000,0x000000b17f500000)]
  0x000002a661eb7e80 JavaThread "RMI TCP Accept-0" daemon [_thread_in_native, id=69184, stack(0x000000b17f500000,0x000000b17f600000)]
  0x000002a661faad00 JavaThread "RMI Scheduler(0)" daemon [_thread_blocked, id=71920, stack(0x000000b17f800000,0x000000b17f900000)]
  0x000002a661eb9230 JavaThread "JMX server connection timeout 22" daemon [_thread_blocked, id=73308, stack(0x000000b17fa00000,0x000000b17fb00000)]
  0x000002a662db7e50 JavaThread "mysql-cj-abandoned-connection-cleanup" daemon [_thread_blocked, id=67304, stack(0x000000b100e00000,0x000000b100f00000)]
  0x000002a662db74b0 JavaThread "Live Reload Server" daemon [_thread_in_native, id=57224, stack(0x000000b101100000,0x000000b101200000)]
  0x000002a665110430 JavaThread "DestroyJavaVM" [_thread_blocked, id=70436, stack(0x000000b17e000000,0x000000b17e100000)]
  0x000002a6651112a0 JavaThread "AsyncHttpClient-1-1" daemon [_thread_blocked, id=72540, stack(0x000000b101e00000,0x000000b101f00000)]
  0x000002a665111770 JavaThread "Exec Default Executor" daemon [_thread_in_native, id=7492, stack(0x000000b102000000,0x000000b102100000)]
  0x000002a66510e750 JavaThread "Driver Service Executor" daemon [_thread_blocked, id=73040, stack(0x000000b102300000,0x000000b102400000)]
  0x000002a665111c40 JavaThread "Driver Service Executor" daemon [_thread_blocked, id=16624, stack(0x000000b102400000,0x000000b102500000)]
  0x000002a665112f80 JavaThread "Exec Stream Pumper" daemon [_thread_in_native, id=66652, stack(0x000000b102600000,0x000000b102700000)]
  0x000002a665112110 JavaThread "Exec Stream Pumper" daemon [_thread_in_native, id=73176, stack(0x000000b102700000,0x000000b102800000)]
  0x000002a665114790 JavaThread "AsyncHttpClient-1-2" daemon [_thread_in_native, id=73120, stack(0x000000b102900000,0x000000b102a00000)]
  0x000002a6651125e0 JavaThread "AsyncHttpClient-1-3" daemon [_thread_in_native, id=67620, stack(0x000000b101f00000,0x000000b102000000)]
  0x000002a665114c60 JavaThread "AsyncHttpClient-1-4" daemon [_thread_in_native, id=68844, stack(0x000000b102a00000,0x000000b102b00000)]
  0x000002a662db6640 JavaThread "RMI TCP Connection(19)-127.0.0.1" daemon [_thread_in_native, id=68168, stack(0x000000b100900000,0x000000b100a00000)]
  0x000002a6658689a0 JavaThread "Thread-13" [_thread_blocked, id=75708, stack(0x000000b100600000,0x000000b100700000)]
  0x000002a665869340 JavaThread "restartedMain" [_thread_blocked, id=74560, stack(0x000000b100700000,0x000000b100800000)]
  0x000002a66747b020 JavaThread "C1 CompilerThread1" daemon [_thread_blocked, id=73316, stack(0x000000b100a00000,0x000000b100b00000)]
  0x000002a665869ce0 JavaThread "Catalina-utility-1" [_thread_blocked, id=72136, stack(0x000000b100f00000,0x000000b101000000)]
  0x000002a6658684d0 JavaThread "Catalina-utility-2" [_thread_blocked, id=11292, stack(0x000000b101000000,0x000000b101100000)]
  0x000002a665867190 JavaThread "container-0" [_thread_blocked, id=75668, stack(0x000000b101200000,0x000000b101300000)]
  0x000002a6659518e0 JavaThread "C1 CompilerThread2" daemon [_thread_blocked, id=74820, stack(0x000000b101300000,0x000000b101400000)]
  0x000002a6653bbc20 JavaThread "C1 CompilerThread3" daemon [_thread_blocked, id=75308, stack(0x000000b101400000,0x000000b101500000)]

Other Threads:
=>0x000002a6608da320 VMThread "VM Thread" [stack: 0x000000b17e600000,0x000000b17e700000] [id=73668]
  0x000002a64df85c00 WatcherThread [stack: 0x000000b17f600000,0x000000b17f700000] [id=72372]
  0x000002a64dff33b0 GCTaskThread "GC Thread#0" [stack: 0x000000b17e100000,0x000000b17e200000] [id=73540]
  0x000002a662d22020 GCTaskThread "GC Thread#1" [stack: 0x000000b17fc00000,0x000000b17fd00000] [id=72968]
  0x000002a662d222d0 GCTaskThread "GC Thread#2" [stack: 0x000000b17fd00000,0x000000b17fe00000] [id=73704]
  0x000002a662d22580 GCTaskThread "GC Thread#3" [stack: 0x000000b17fe00000,0x000000b17ff00000] [id=15404]
  0x000002a662d22830 GCTaskThread "GC Thread#4" [stack: 0x000000b17ff00000,0x000000b180000000] [id=72936]
  0x000002a662d22ae0 GCTaskThread "GC Thread#5" [stack: 0x000000b100000000,0x000000b100100000] [id=73348]
  0x000002a662d4fdb0 GCTaskThread "GC Thread#6" [stack: 0x000000b100100000,0x000000b100200000] [id=72264]
  0x000002a662d50060 GCTaskThread "GC Thread#7" [stack: 0x000000b100200000,0x000000b100300000] [id=73400]
  0x000002a64e003f80 ConcurrentGCThread "G1 Main Marker" [stack: 0x000000b17e200000,0x000000b17e300000] [id=72864]
  0x000002a64e005040 ConcurrentGCThread "G1 Conc#0" [stack: 0x000000b17e300000,0x000000b17e400000] [id=73340]
  0x000002a662f623d0 ConcurrentGCThread "G1 Conc#1" [stack: 0x000000b100800000,0x000000b100900000] [id=70108]
  0x000002a64e03e9a0 ConcurrentGCThread "G1 Refine#0" [stack: 0x000000b17e400000,0x000000b17e500000] [id=17396]
  0x000002a662d2e9b0 ConcurrentGCThread "G1 Refine#1" [stack: 0x000000b100300000,0x000000b100400000] [id=3764]
  0x000002a662d2cf90 ConcurrentGCThread "G1 Refine#2" [stack: 0x000000b100400000,0x000000b100500000] [id=71792]
  0x000002a664e5c870 ConcurrentGCThread "G1 Refine#3" [stack: 0x000000b100b00000,0x000000b100c00000] [id=53908]
  0x000002a664e5cb50 ConcurrentGCThread "G1 Refine#4" [stack: 0x000000b100c00000,0x000000b100d00000] [id=68056]
  0x000002a664e78830 ConcurrentGCThread "G1 Refine#5" [stack: 0x000000b100d00000,0x000000b100e00000] [id=61112]
  0x000002a660791550 ConcurrentGCThread "G1 Service" [stack: 0x000000b17e500000,0x000000b17e600000] [id=73268]

Threads with active compile tasks:
C1 CompilerThread0   483180 11450       1       org.springframework.web.servlet.mvc.method.RequestMappingInfoHandlerMapping::getDirectPaths (5 bytes)
C1 CompilerThread1   483180 11447   !   1       org.springframework.web.servlet.handler.AbstractHandlerMethodMapping$MappingRegistry::register (222 bytes)
C1 CompilerThread3   483180 11448       1       org.springframework.web.servlet.handler.AbstractHandlerMethodMapping$MappingRegistry::validateMethodMapping (119 bytes)

VM state: at safepoint (normal execution)

VM Mutex/Monitor currently owned by a thread:  ([mutex/lock_event])
[0x000002a64bddbdb0] Threads_lock - owner thread: 0x000002a6608da320
[0x000002a64bddc230] Heap_lock - owner thread: 0x000002a6653bbc20

Heap address: 0x0000000702800000, size: 4056 MB, Compressed Oops mode: Zero based, Oop shift amount: 3

CDS archive(s) not mapped
Compressed class space mapped at: 0x0000000800000000-0x0000000840000000, reserved size: 1073741824
Narrow klass base: 0x0000000800000000, Narrow klass shift: 0, Narrow klass range: 0x40000000

GC Precious Log:
 CPUs: 8 total, 8 available
 Memory: 16222M
 Large Page Support: Disabled
 NUMA Support: Disabled
 Compressed Oops: Enabled (Zero based)
 Heap Region Size: 2M
 Heap Min Capacity: 8M
 Heap Initial Capacity: 254M
 Heap Max Capacity: 4056M
 Pre-touch: Disabled
 Parallel Workers: 8
 Concurrent Workers: 2
 Concurrent Refinement Workers: 8
 Periodic GC: Disabled

Heap:
 garbage-first heap   total 110592K, used 36477K [0x0000000702800000, 0x0000000800000000)
  region size 2048K, 2 young (4096K), 2 survivors (4096K)
 Metaspace       used 71606K, committed 72064K, reserved 1114112K
  class space    used 8775K, committed 9024K, reserved 1048576K

Heap Regions: E=young(eden), S=young(survivor), O=old, HS=humongous(starts), HC=humongous(continues), CS=collection set, F=free, OA=open archive, CA=closed archive, TAMS=top-at-mark-start (previous, next)
|   0|0x0000000702800000, 0x00000007029ffff0, 0x0000000702a00000| 99%| O|  |TAMS 0x00000007029ffff0, 0x0000000702800000| Untracked 
|   1|0x0000000702a00000, 0x0000000702bfffc8, 0x0000000702c00000| 99%| O|  |TAMS 0x0000000702bfffc8, 0x0000000702a00000| Untracked 
|   2|0x0000000702c00000, 0x0000000702dffff8, 0x0000000702e00000| 99%| O|  |TAMS 0x0000000702dffff8, 0x0000000702c00000| Untracked 
|   3|0x0000000702e00000, 0x0000000702fffff8, 0x0000000703000000| 99%| O|  |TAMS 0x0000000702fffff8, 0x0000000702e00000| Untracked 
|   4|0x0000000703000000, 0x00000007031fec90, 0x0000000703200000| 99%| O|  |TAMS 0x00000007031fec90, 0x0000000703000000| Untracked 
|   5|0x0000000703200000, 0x0000000703400000, 0x0000000703400000|100%| O|  |TAMS 0x0000000703400000, 0x0000000703200000| Untracked 
|   6|0x0000000703400000, 0x00000007035ffea8, 0x0000000703600000| 99%| O|  |TAMS 0x0000000703400000, 0x0000000703400000| Untracked 
|   7|0x0000000703600000, 0x00000007037ffff8, 0x0000000703800000| 99%| O|  |TAMS 0x0000000703600000, 0x0000000703600000| Untracked 
|   8|0x0000000703800000, 0x00000007039ff790, 0x0000000703a00000| 99%| O|  |TAMS 0x0000000703800000, 0x0000000703800000| Untracked 
|   9|0x0000000703a00000, 0x0000000703bfffe8, 0x0000000703c00000| 99%| O|  |TAMS 0x0000000703a00000, 0x0000000703a00000| Untracked 
|  10|0x0000000703c00000, 0x0000000703c6d300, 0x0000000703e00000| 21%| O|  |TAMS 0x0000000703c00000, 0x0000000703c00000| Untracked 
|  11|0x0000000703e00000, 0x0000000703f6e1d8, 0x0000000704000000| 71%| O|  |TAMS 0x0000000703e00000, 0x0000000703e00000| Untracked 
|  12|0x0000000704000000, 0x00000007040a2298, 0x0000000704200000| 31%| O|  |TAMS 0x0000000704000000, 0x0000000704000000| Untracked 
|  13|0x0000000704200000, 0x0000000704400000, 0x0000000704400000|100%| O|  |TAMS 0x0000000704200000, 0x0000000704200000| Untracked 
|  14|0x0000000704400000, 0x000000070455cc00, 0x0000000704600000| 68%| O|  |TAMS 0x0000000704400000, 0x0000000704400000| Untracked 
|  15|0x0000000704600000, 0x0000000704600000, 0x0000000704800000|  0%| F|  |TAMS 0x0000000704600000, 0x0000000704600000| Untracked 
|  16|0x0000000704800000, 0x0000000704a00000, 0x0000000704a00000|100%|HS|  |TAMS 0x0000000704a00000, 0x0000000704800000| Untracked 
|  17|0x0000000704a00000, 0x0000000704c00000, 0x0000000704c00000|100%|HC|  |TAMS 0x0000000704c00000, 0x0000000704a00000| Untracked 
|  18|0x0000000704c00000, 0x0000000704e00000, 0x0000000704e00000|100%|HC|  |TAMS 0x0000000704e00000, 0x0000000704c00000| Untracked 
|  19|0x0000000704e00000, 0x0000000704e00000, 0x0000000705000000|  0%| F|  |TAMS 0x0000000704e00000, 0x0000000704e00000| Untracked 
|  20|0x0000000705000000, 0x0000000705000000, 0x0000000705200000|  0%| F|  |TAMS 0x0000000705000000, 0x0000000705000000| Untracked 
|  21|0x0000000705200000, 0x0000000705200000, 0x0000000705400000|  0%| F|  |TAMS 0x0000000705200000, 0x0000000705200000| Untracked 
|  22|0x0000000705400000, 0x0000000705400000, 0x0000000705600000|  0%| F|  |TAMS 0x0000000705400000, 0x0000000705400000| Untracked 
|  23|0x0000000705600000, 0x0000000705600000, 0x0000000705800000|  0%| F|  |TAMS 0x0000000705600000, 0x0000000705600000| Untracked 
|  24|0x0000000705800000, 0x00000007059439a0, 0x0000000705a00000| 63%| S|CS|TAMS 0x0000000705800000, 0x0000000705800000| Complete 
|  25|0x0000000705a00000, 0x0000000705c00000, 0x0000000705c00000|100%| S|CS|TAMS 0x0000000705a00000, 0x0000000705a00000| Complete 
|  26|0x0000000705c00000, 0x0000000705c00000, 0x0000000705e00000|  0%| F|  |TAMS 0x0000000705c00000, 0x0000000705c00000| Untracked 
|  27|0x0000000705e00000, 0x0000000705e00000, 0x0000000706000000|  0%| F|  |TAMS 0x0000000705e00000, 0x0000000705e00000| Untracked 
|  28|0x0000000706000000, 0x0000000706000000, 0x0000000706200000|  0%| F|  |TAMS 0x0000000706000000, 0x0000000706000000| Untracked 
|  29|0x0000000706200000, 0x0000000706200000, 0x0000000706400000|  0%| F|  |TAMS 0x0000000706200000, 0x0000000706200000| Untracked 
|  30|0x0000000706400000, 0x00000007064836c8, 0x0000000706600000| 25%| O|  |TAMS 0x0000000706400000, 0x0000000706400000| Untracked 
|  31|0x0000000706600000, 0x0000000706600000, 0x0000000706800000|  0%| F|  |TAMS 0x0000000706600000, 0x0000000706600000| Untracked 
|  32|0x0000000706800000, 0x0000000706800000, 0x0000000706a00000|  0%| F|  |TAMS 0x0000000706800000, 0x0000000706800000| Untracked 
|  33|0x0000000706a00000, 0x0000000706a00000, 0x0000000706c00000|  0%| F|  |TAMS 0x0000000706a00000, 0x0000000706a00000| Untracked 
|  34|0x0000000706c00000, 0x0000000706c00000, 0x0000000706e00000|  0%| F|  |TAMS 0x0000000706c00000, 0x0000000706c00000| Untracked 
|  35|0x0000000706e00000, 0x0000000706e00000, 0x0000000707000000|  0%| F|  |TAMS 0x0000000706e00000, 0x0000000706e00000| Untracked 
|  36|0x0000000707000000, 0x0000000707000000, 0x0000000707200000|  0%| F|  |TAMS 0x0000000707000000, 0x0000000707000000| Untracked 
|  37|0x0000000707200000, 0x0000000707200000, 0x0000000707400000|  0%| F|  |TAMS 0x0000000707200000, 0x0000000707200000| Untracked 
|  38|0x0000000707400000, 0x0000000707400000, 0x0000000707600000|  0%| F|  |TAMS 0x0000000707400000, 0x0000000707400000| Untracked 
|  39|0x0000000707600000, 0x0000000707600000, 0x0000000707800000|  0%| F|  |TAMS 0x0000000707600000, 0x0000000707600000| Untracked 
|  40|0x0000000707800000, 0x0000000707800000, 0x0000000707a00000|  0%| F|  |TAMS 0x0000000707800000, 0x0000000707800000| Untracked 
|  41|0x0000000707a00000, 0x0000000707a00000, 0x0000000707c00000|  0%| F|  |TAMS 0x0000000707a00000, 0x0000000707a00000| Untracked 
|  42|0x0000000707c00000, 0x0000000707c00000, 0x0000000707e00000|  0%| F|  |TAMS 0x0000000707c00000, 0x0000000707c00000| Untracked 
|  43|0x0000000707e00000, 0x0000000707e00000, 0x0000000708000000|  0%| F|  |TAMS 0x0000000707e00000, 0x0000000707e00000| Untracked 
|  44|0x0000000708000000, 0x0000000708000000, 0x0000000708200000|  0%| F|  |TAMS 0x0000000708000000, 0x0000000708000000| Untracked 
|  45|0x0000000708200000, 0x0000000708200000, 0x0000000708400000|  0%| F|  |TAMS 0x0000000708200000, 0x0000000708200000| Untracked 
|  46|0x0000000708400000, 0x0000000708400000, 0x0000000708600000|  0%| F|  |TAMS 0x0000000708400000, 0x0000000708400000| Untracked 
|  47|0x0000000708600000, 0x0000000708600000, 0x0000000708800000|  0%| F|  |TAMS 0x0000000708600000, 0x0000000708600000| Untracked 
|  48|0x0000000708800000, 0x0000000708800000, 0x0000000708a00000|  0%| F|  |TAMS 0x0000000708800000, 0x0000000708800000| Untracked 
|  49|0x0000000708a00000, 0x0000000708a00000, 0x0000000708c00000|  0%| F|  |TAMS 0x0000000708a00000, 0x0000000708a00000| Untracked 
|  50|0x0000000708c00000, 0x0000000708c00000, 0x0000000708e00000|  0%| F|  |TAMS 0x0000000708c00000, 0x0000000708c00000| Untracked 
|  51|0x0000000708e00000, 0x0000000708e00000, 0x0000000709000000|  0%| F|  |TAMS 0x0000000708e00000, 0x0000000708e00000| Untracked 
|  52|0x0000000709000000, 0x0000000709000000, 0x0000000709200000|  0%| F|  |TAMS 0x0000000709000000, 0x0000000709000000| Untracked 
|  53|0x0000000709200000, 0x0000000709200000, 0x0000000709400000|  0%| F|  |TAMS 0x0000000709200000, 0x0000000709200000| Untracked 

Card table byte_map: [0x000002a654f30000,0x000002a655720000] _byte_map_base: 0x000002a65171c000

Marking Bits (Prev, Next): (CMBitMap*) 0x000002a64dff38d0, (CMBitMap*) 0x000002a64dff3910
 Prev Bits: [0x000002a655f10000, 0x000002a659e70000)
 Next Bits: [0x000002a659e70000, 0x000002a65ddd0000)

Polling page: 0x000002a64bf70000

Metaspace:

Usage:
  Non-class:     61.36 MB used.
      Class:      8.57 MB used.
       Both:     69.93 MB used.

Virtual space:
  Non-class space:       64.00 MB reserved,      61.56 MB ( 96%) committed,  8 nodes.
      Class space:        1.00 GB reserved,       8.81 MB ( <1%) committed,  1 nodes.
             Both:        1.06 GB reserved,      70.38 MB (  6%) committed. 

Chunk freelists:
   Non-Class:  2.23 MB
       Class:  3.14 MB
        Both:  5.37 MB

MaxMetaspaceSize: unlimited
CompressedClassSpaceSize: 1.00 GB
Initial GC threshold: 21.00 MB
Current GC threshold: 116.88 MB
CDS: off
MetaspaceReclaimPolicy: balanced
 - commit_granule_bytes: 65536.
 - commit_granule_words: 8192.
 - virtual_space_node_default_size: 1048576.
 - enlarge_chunks_in_place: 1.
 - new_chunks_are_fully_committed: 0.
 - uncommit_free_chunks: 1.
 - use_allocation_guard: 0.
 - handle_deallocations: 1.


Internal statistics:

num_allocs_failed_limit: 9.
num_arena_births: 798.
num_arena_deaths: 354.
num_vsnodes_births: 9.
num_vsnodes_deaths: 0.
num_space_committed: 1131.
num_space_uncommitted: 5.
num_chunks_returned_to_freelist: 562.
num_chunks_taken_from_freelist: 3302.
num_chunk_merges: 183.
num_chunk_splits: 2061.
num_chunks_enlarged: 1483.
num_purges: 8.
num_inconsistent_stats: 0.

CodeCache: size=49152Kb used=22478Kb max_used=22478Kb free=26673Kb
 bounds [0x000002a651630000, 0x000002a652c80000, 0x000002a654630000]
 total_blobs=12002 nmethods=11311 adapters=614
 compilation: enabled
              stopped_count=0, restarted_count=0
 full_count=0

Compilation events (20 events):
Event: 483.154 Thread 0x000002a6653bbc20 nmethod 11440 0x000002a652ab1b90 code [0x000002a652ab1d60, 0x000002a652ab2078]
Event: 483.154 Thread 0x000002a66747b020 nmethod 11437 0x000002a652ab1190 code [0x000002a652ab13e0, 0x000002a652ab1938]
Event: 483.155 Thread 0x000002a6614c3e60 nmethod 11436 0x000002a652ab0790 code [0x000002a652ab09e0, 0x000002a652ab0f38]
Event: 483.155 Thread 0x000002a6659518e0 nmethod 11441 0x000002a652ab0010 code [0x000002a652ab0220, 0x000002a652ab0598]
Event: 483.155 Thread 0x000002a6614c3e60 11442       1       org.springframework.web.servlet.handler.AbstractHandlerMethodMapping$$Lambda$794/0x00000008005b0238::accept (21 bytes)
Event: 483.155 Thread 0x000002a6659518e0 11443       1       org.springframework.web.servlet.handler.AbstractHandlerMethodMapping::lambda$detectHandlerMethods$2 (17 bytes)
Event: 483.155 Thread 0x000002a6653bbc20 11444       1       org.springframework.web.servlet.mvc.method.annotation.RequestMappingHandlerMapping::registerHandlerMethod (11 bytes)
Event: 483.155 Thread 0x000002a66747b020 11445       1       org.springframework.web.servlet.mvc.method.annotation.RequestMappingHandlerMapping::registerHandlerMethod (14 bytes)
Event: 483.155 Thread 0x000002a66747b020 nmethod 11445 0x000002a652aafc10 code [0x000002a652aafdc0, 0x000002a652aafef8]
Event: 483.155 Thread 0x000002a66747b020 11447   !   1       org.springframework.web.servlet.handler.AbstractHandlerMethodMapping$MappingRegistry::register (222 bytes)
Event: 483.155 Thread 0x000002a6614c3e60 nmethod 11442 0x000002a652aaf690 code [0x000002a652aaf840, 0x000002a652aafa68]
Event: 483.155 Thread 0x000002a6659518e0 nmethod 11443 0x000002a652aaf190 code [0x000002a652aaf340, 0x000002a652aaf508]
Event: 483.155 Thread 0x000002a6653bbc20 nmethod 11444 0x000002a652aaed10 code [0x000002a652aaeec0, 0x000002a652aaf058]
Event: 483.155 Thread 0x000002a6653bbc20 11448       1       org.springframework.web.servlet.handler.AbstractHandlerMethodMapping$MappingRegistry::validateMethodMapping (119 bytes)
Event: 483.155 Thread 0x000002a6614c3e60 11446       1       org.springframework.web.servlet.handler.AbstractHandlerMethodMapping::registerHandlerMethod (11 bytes)
Event: 483.155 Thread 0x000002a6659518e0 11449       1       org.springframework.web.servlet.mvc.method.RequestMappingInfoHandlerMapping::getDirectPaths (9 bytes)
Event: 483.155 Thread 0x000002a6614c3e60 nmethod 11446 0x000002a652aae990 code [0x000002a652aaeb20, 0x000002a652aaec28]
Event: 483.155 Thread 0x000002a6614c3e60 11450       1       org.springframework.web.servlet.mvc.method.RequestMappingInfoHandlerMapping::getDirectPaths (5 bytes)
Event: 483.155 Thread 0x000002a6659518e0 nmethod 11449 0x000002a652aae410 code [0x000002a652aae5e0, 0x000002a652aae828]
Event: 483.155 Thread 0x000002a6614c3e60 nmethod 11450 0x000002a652aadf10 code [0x000002a652aae0e0, 0x000002a652aae2e8]

GC Heap History (20 events):
Event: 288.348 GC heap after
{Heap after GC invocations=24 (full 1):
 garbage-first heap   total 110592K, used 35820K [0x0000000702800000, 0x0000000800000000)
  region size 2048K, 3 young (6144K), 3 survivors (6144K)
 Metaspace       used 70692K, committed 71104K, reserved 1114112K
  class space    used 8692K, committed 8896K, reserved 1048576K
}
Event: 288.537 GC heap before
{Heap before GC invocations=24 (full 1):
 garbage-first heap   total 110592K, used 87020K [0x0000000702800000, 0x0000000800000000)
  region size 2048K, 28 young (57344K), 3 survivors (6144K)
 Metaspace       used 70974K, committed 71360K, reserved 1114112K
  class space    used 8712K, committed 8896K, reserved 1048576K
}
Event: 288.541 GC heap after
{Heap after GC invocations=25 (full 1):
 garbage-first heap   total 110592K, used 38492K [0x0000000702800000, 0x0000000800000000)
  region size 2048K, 2 young (4096K), 2 survivors (4096K)
 Metaspace       used 70974K, committed 71360K, reserved 1114112K
  class space    used 8712K, committed 8896K, reserved 1048576K
}
Event: 292.173 GC heap before
{Heap before GC invocations=25 (full 1):
 garbage-first heap   total 110592K, used 46684K [0x0000000702800000, 0x0000000800000000)
  region size 2048K, 7 young (14336K), 2 survivors (4096K)
 Metaspace       used 71023K, committed 71488K, reserved 1114112K
  class space    used 8721K, committed 8960K, reserved 1048576K
}
Event: 292.222 GC heap after
{Heap after GC invocations=26 (full 2):
 garbage-first heap   total 110592K, used 32984K [0x0000000702800000, 0x0000000800000000)
  region size 2048K, 0 young (0K), 0 survivors (0K)
 Metaspace       used 70925K, committed 71488K, reserved 1114112K
  class space    used 8705K, committed 8960K, reserved 1048576K
}
Event: 292.598 GC heap before
{Heap before GC invocations=26 (full 2):
 garbage-first heap   total 110592K, used 82136K [0x0000000702800000, 0x0000000800000000)
  region size 2048K, 25 young (51200K), 0 survivors (0K)
 Metaspace       used 71248K, committed 71680K, reserved 1114112K
  class space    used 8750K, committed 8960K, reserved 1048576K
}
Event: 292.601 GC heap after
{Heap after GC invocations=27 (full 2):
 garbage-first heap   total 110592K, used 36552K [0x0000000702800000, 0x0000000800000000)
  region size 2048K, 2 young (4096K), 2 survivors (4096K)
 Metaspace       used 71248K, committed 71680K, reserved 1114112K
  class space    used 8750K, committed 8960K, reserved 1048576K
}
Event: 292.700 GC heap before
{Heap before GC invocations=27 (full 2):
 garbage-first heap   total 110592K, used 83656K [0x0000000702800000, 0x0000000800000000)
  region size 2048K, 25 young (51200K), 2 survivors (4096K)
 Metaspace       used 71383K, committed 71808K, reserved 1114112K
  class space    used 8765K, committed 8960K, reserved 1048576K
}
Event: 292.702 GC heap after
{Heap after GC invocations=28 (full 2):
 garbage-first heap   total 110592K, used 36709K [0x0000000702800000, 0x0000000800000000)
  region size 2048K, 2 young (4096K), 2 survivors (4096K)
 Metaspace       used 71383K, committed 71808K, reserved 1114112K
  class space    used 8765K, committed 8960K, reserved 1048576K
}
Event: 292.939 GC heap before
{Heap before GC invocations=28 (full 2):
 garbage-first heap   total 110592K, used 85861K [0x0000000702800000, 0x0000000800000000)
  region size 2048K, 26 young (53248K), 2 survivors (4096K)
 Metaspace       used 71659K, committed 72064K, reserved 1114112K
  class space    used 8783K, committed 8960K, reserved 1048576K
}
Event: 292.942 GC heap after
{Heap after GC invocations=29 (full 2):
 garbage-first heap   total 110592K, used 38093K [0x0000000702800000, 0x0000000800000000)
  region size 2048K, 3 young (6144K), 3 survivors (6144K)
 Metaspace       used 71659K, committed 72064K, reserved 1114112K
  class space    used 8783K, committed 8960K, reserved 1048576K
}
Event: 482.140 GC heap before
{Heap before GC invocations=29 (full 2):
 garbage-first heap   total 110592K, used 85197K [0x0000000702800000, 0x0000000800000000)
  region size 2048K, 26 young (53248K), 3 survivors (6144K)
 Metaspace       used 71670K, committed 72128K, reserved 1114112K
  class space    used 8787K, committed 9024K, reserved 1048576K
}
Event: 482.152 GC heap after
{Heap after GC invocations=30 (full 2):
 garbage-first heap   total 110592K, used 40737K [0x0000000702800000, 0x0000000800000000)
  region size 2048K, 3 young (6144K), 3 survivors (6144K)
 Metaspace       used 71670K, committed 72128K, reserved 1114112K
  class space    used 8787K, committed 9024K, reserved 1048576K
}
Event: 482.212 GC heap before
{Heap before GC invocations=30 (full 2):
 garbage-first heap   total 110592K, used 42785K [0x0000000702800000, 0x0000000800000000)
  region size 2048K, 5 young (10240K), 3 survivors (6144K)
 Metaspace       used 71673K, committed 72128K, reserved 1114112K
  class space    used 8787K, committed 9024K, reserved 1048576K
}
Event: 482.311 GC heap after
{Heap after GC invocations=31 (full 3):
 garbage-first heap   total 110592K, used 29692K [0x0000000702800000, 0x0000000800000000)
  region size 2048K, 0 young (0K), 0 survivors (0K)
 Metaspace       used 70815K, committed 71808K, reserved 1114112K
  class space    used 8687K, committed 9024K, reserved 1048576K
}
Event: 482.768 GC heap before
{Heap before GC invocations=31 (full 3):
 garbage-first heap   total 110592K, used 82940K [0x0000000702800000, 0x0000000800000000)
  region size 2048K, 26 young (53248K), 0 survivors (0K)
 Metaspace       used 71198K, committed 71808K, reserved 1114112K
  class space    used 8741K, committed 9024K, reserved 1048576K
}
Event: 482.771 GC heap after
{Heap after GC invocations=32 (full 3):
 garbage-first heap   total 110592K, used 34036K [0x0000000702800000, 0x0000000800000000)
  region size 2048K, 3 young (6144K), 3 survivors (6144K)
 Metaspace       used 71198K, committed 71808K, reserved 1114112K
  class space    used 8741K, committed 9024K, reserved 1048576K
}
Event: 482.876 GC heap before
{Heap before GC invocations=32 (full 3):
 garbage-first heap   total 110592K, used 81140K [0x0000000702800000, 0x0000000800000000)
  region size 2048K, 26 young (53248K), 3 survivors (6144K)
 Metaspace       used 71329K, committed 71808K, reserved 1114112K
  class space    used 8756K, committed 9024K, reserved 1048576K
}
Event: 482.879 GC heap after
{Heap after GC invocations=33 (full 3):
 garbage-first heap   total 110592K, used 34453K [0x0000000702800000, 0x0000000800000000)
  region size 2048K, 3 young (6144K), 3 survivors (6144K)
 Metaspace       used 71329K, committed 71808K, reserved 1114112K
  class space    used 8756K, committed 9024K, reserved 1048576K
}
Event: 483.155 GC heap before
{Heap before GC invocations=33 (full 3):
 garbage-first heap   total 110592K, used 83605K [0x0000000702800000, 0x0000000800000000)
  region size 2048K, 27 young (55296K), 3 survivors (6144K)
 Metaspace       used 71606K, committed 72064K, reserved 1114112K
  class space    used 8775K, committed 9024K, reserved 1048576K
}

Dll operation events (9 events):
Event: 0.006 Loaded shared library C:\eclipseSpringBoot\eclipse-jee-2022-12-R-win32-x86_64\eclipse\plugins\org.eclipse.justj.openjdk.hotspot.jre.full.win32.x86_64_17.0.5.v20221102-0933\jre\bin\java.dll
Event: 0.161 Loaded shared library C:\eclipseSpringBoot\eclipse-jee-2022-12-R-win32-x86_64\eclipse\plugins\org.eclipse.justj.openjdk.hotspot.jre.full.win32.x86_64_17.0.5.v20221102-0933\jre\bin\jimage.dll
Event: 0.172 Loaded shared library C:\eclipseSpringBoot\eclipse-jee-2022-12-R-win32-x86_64\eclipse\plugins\org.eclipse.justj.openjdk.hotspot.jre.full.win32.x86_64_17.0.5.v20221102-0933\jre\bin\net.dll
Event: 0.173 Loaded shared library C:\eclipseSpringBoot\eclipse-jee-2022-12-R-win32-x86_64\eclipse\plugins\org.eclipse.justj.openjdk.hotspot.jre.full.win32.x86_64_17.0.5.v20221102-0933\jre\bin\nio.dll
Event: 0.177 Loaded shared library C:\eclipseSpringBoot\eclipse-jee-2022-12-R-win32-x86_64\eclipse\plugins\org.eclipse.justj.openjdk.hotspot.jre.full.win32.x86_64_17.0.5.v20221102-0933\jre\bin\zip.dll
Event: 0.245 Loaded shared library C:\eclipseSpringBoot\eclipse-jee-2022-12-R-win32-x86_64\eclipse\plugins\org.eclipse.justj.openjdk.hotspot.jre.full.win32.x86_64_17.0.5.v20221102-0933\jre\bin\management.dll
Event: 0.262 Loaded shared library C:\eclipseSpringBoot\eclipse-jee-2022-12-R-win32-x86_64\eclipse\plugins\org.eclipse.justj.openjdk.hotspot.jre.full.win32.x86_64_17.0.5.v20221102-0933\jre\bin\management_ext.dll
Event: 0.475 Loaded shared library C:\eclipseSpringBoot\eclipse-jee-2022-12-R-win32-x86_64\eclipse\plugins\org.eclipse.justj.openjdk.hotspot.jre.full.win32.x86_64_17.0.5.v20221102-0933\jre\bin\verify.dll
Event: 2.277 Loaded shared library C:\eclipseSpringBoot\eclipse-jee-2022-12-R-win32-x86_64\eclipse\plugins\org.eclipse.justj.openjdk.hotspot.jre.full.win32.x86_64_17.0.5.v20221102-0933\jre\bin\sunmscapi.dll

Deoptimization events (20 events):
Event: 2.978 Thread 0x000002a662db8320 DEOPT PACKING pc=0x000002a651fd4079 sp=0x000000b1006fd260
Event: 2.978 Thread 0x000002a662db8320 DEOPT UNPACKING pc=0x000002a651682b43 sp=0x000000b1006fc740 mode 3
Event: 3.061 Thread 0x000002a662db8320 DEOPT PACKING pc=0x000002a651c37352 sp=0x000000b1006fd4c0
Event: 3.061 Thread 0x000002a662db8320 DEOPT UNPACKING pc=0x000002a651682b43 sp=0x000000b1006fc9c8 mode 3
Event: 3.061 Thread 0x000002a662db8320 DEOPT PACKING pc=0x000002a651c0f065 sp=0x000000b1006fd480
Event: 3.061 Thread 0x000002a662db8320 DEOPT UNPACKING pc=0x000002a651682b43 sp=0x000000b1006fc9c8 mode 3
Event: 12.609 Thread 0x000002a662db6fe0 DEOPT PACKING pc=0x000002a65225d37b sp=0x000000b1010fb3d0
Event: 12.609 Thread 0x000002a662db6fe0 DEOPT UNPACKING pc=0x000002a651682b43 sp=0x000000b1010faab8 mode 3
Event: 12.651 Thread 0x000002a662db6fe0 DEOPT PACKING pc=0x000002a652286e72 sp=0x000000b1010fb6e0
Event: 12.651 Thread 0x000002a662db6fe0 DEOPT UNPACKING pc=0x000002a651682b43 sp=0x000000b1010fabb0 mode 3
Event: 12.685 Thread 0x000002a662db6fe0 DEOPT PACKING pc=0x000002a6522bae8e sp=0x000000b1010fb9d0
Event: 12.685 Thread 0x000002a662db6fe0 DEOPT UNPACKING pc=0x000002a651682b43 sp=0x000000b1010fae90 mode 3
Event: 13.176 Thread 0x000002a662db6fe0 DEOPT PACKING pc=0x000002a652367088 sp=0x000000b1010fd070
Event: 13.177 Thread 0x000002a662db6fe0 DEOPT UNPACKING pc=0x000002a651682b43 sp=0x000000b1010fc608 mode 3
Event: 16.176 Thread 0x000002a662db6170 DEOPT PACKING pc=0x000002a651a1cc74 sp=0x000000b1012fbd50
Event: 16.176 Thread 0x000002a662db6170 DEOPT UNPACKING pc=0x000002a651682b43 sp=0x000000b1012fb240 mode 3
Event: 16.195 Thread 0x000002a662db6170 DEOPT PACKING pc=0x000002a65250c62b sp=0x000000b1012fb360
Event: 16.195 Thread 0x000002a662db6170 DEOPT UNPACKING pc=0x000002a651682b43 sp=0x000000b1012fa858 mode 3
Event: 482.925 Thread 0x000002a665869340 DEOPT PACKING pc=0x000002a652b155d4 sp=0x000000b1007fd2d0
Event: 482.925 Thread 0x000002a665869340 DEOPT UNPACKING pc=0x000002a651682b43 sp=0x000000b1007fc768 mode 3

Classes unloaded (20 events):
Event: 482.231 Thread 0x000002a6608da320 Unloading class 0x0000000800498dc0 'com/baseball/service/game/GameCrawlingDao'
Event: 482.231 Thread 0x000002a6608da320 Unloading class 0x0000000800491000 'com/baseball/service/comment/impl/CommentServiceImpl'
Event: 482.231 Thread 0x000002a6608da320 Unloading class 0x0000000800498bc8 'com/baseball/service/comment/CommentService'
Event: 482.231 Thread 0x000002a6608da320 Unloading class 0x0000000800498938 'com/baseball/service/channel/impl/ChannelServiceImpl'
Event: 482.231 Thread 0x000002a6608da320 Unloading class 0x0000000800498740 'com/baseball/service/channel/ChannelService'
Event: 482.231 Thread 0x000002a6608da320 Unloading class 0x00000008004984b8 'com/baseball/service/channel/impl/ChannelRestServiceImpl'
Event: 482.231 Thread 0x000002a6608da320 Unloading class 0x00000008004982c0 'com/baseball/service/channel/ChannelRestService'
Event: 482.231 Thread 0x000002a6608da320 Unloading class 0x0000000800498000 'com/baseball/service/channel/impl/ChannelRestDaoImpl'
Event: 482.231 Thread 0x000002a6608da320 Unloading class 0x0000000800704ca0 'com/baseball/service/channel/ChannelRestDao'
Event: 482.231 Thread 0x000002a6608da320 Unloading class 0x0000000800704a58 'com/baseball/service/bestplayer/impl/BestPlayerServiceImpl'
Event: 482.231 Thread 0x000002a6608da320 Unloading class 0x0000000800720e08 'com/baseball/service/bestplayer/BestPlayerService'
Event: 482.231 Thread 0x000002a6608da320 Unloading class 0x0000000800704800 'com/baseball/service/basket/impl/BasketServiceImpl'
Event: 482.231 Thread 0x000002a6608da320 Unloading class 0x0000000800720c10 'com/baseball/service/basket/BasketService'
Event: 482.231 Thread 0x000002a6608da320 Unloading class 0x0000000800720a00 'com/baseball/common/config/ChromeDriverConfig'
Event: 482.231 Thread 0x000002a6608da320 Unloading class 0x0000000800720800 'com/baseball/YagurouteApplication'
Event: 482.231 Thread 0x000002a6608da320 Unloading class 0x0000000800810800 'java/lang/invoke/LambdaForm$DMH+0x0000000800810800'
Event: 482.231 Thread 0x000002a6608da320 Unloading class 0x0000000800765000 'jdk/internal/reflect/GeneratedConstructorAccessor48'
Event: 482.231 Thread 0x000002a6608da320 Unloading class 0x0000000800764c00 'jdk/internal/reflect/GeneratedConstructorAccessor47'
Event: 482.231 Thread 0x000002a6608da320 Unloading class 0x0000000800764800 'jdk/internal/reflect/GeneratedConstructorAccessor46'
Event: 482.231 Thread 0x000002a6608da320 Unloading class 0x0000000800764400 'jdk/internal/reflect/GeneratedConstructorAccessor45'

Classes redefined (0 events):
No events

Internal exceptions (20 events):
Event: 292.510 Thread 0x000002a665110dd0 Exception <a 'java/lang/NoClassDefFoundError'{0x000000070740b488}: org/springframework/batch/core/repository/JobRepository> (0x000000070740b488) 
thrown [s\src\hotspot\share\oops\constantPool.cpp, line 835]
Event: 292.510 Thread 0x000002a665110dd0 Exception <a 'java/lang/NoClassDefFoundError'{0x000000070740bad0}: org/quartz/Scheduler> (0x000000070740bad0) 
thrown [s\src\hotspot\share\oops\constantPool.cpp, line 835]
Event: 292.510 Thread 0x000002a665110dd0 Exception <a 'java/lang/NoClassDefFoundError'{0x000000070740c140}: org/springframework/session/jdbc/JdbcIndexedSessionRepository> (0x000000070740c140) 
thrown [s\src\hotspot\share\oops\constantPool.cpp, line 835]
Event: 292.549 Thread 0x000002a665110dd0 Exception <a 'sun/nio/fs/WindowsException'{0x0000000706c23128}> (0x0000000706c23128) 
thrown [s\src\hotspot\share\prims\jni.cpp, line 516]
Event: 292.549 Thread 0x000002a665110dd0 Exception <a 'sun/nio/fs/WindowsException'{0x0000000706c23838}> (0x0000000706c23838) 
thrown [s\src\hotspot\share\prims\jni.cpp, line 516]
Event: 292.549 Thread 0x000002a665110dd0 Exception <a 'sun/nio/fs/WindowsException'{0x0000000706c23f30}> (0x0000000706c23f30) 
thrown [s\src\hotspot\share\prims\jni.cpp, line 516]
Event: 292.559 Thread 0x000002a665110dd0 Exception <a 'java/io/FileNotFoundException'{0x0000000706c7acc8}> (0x0000000706c7acc8) 
thrown [s\src\hotspot\share\prims\jni.cpp, line 516]
Event: 482.207 Thread 0x000002a665113920 Exception <a 'java/lang/InterruptedException'{0x00000007093f0e30}: sleep interrupted> (0x00000007093f0e30) 
thrown [s\src\hotspot\share\prims\jvm.cpp, line 3070]
Event: 482.331 Thread 0x000002a665869340 Exception <a 'sun/nio/fs/WindowsException'{0x00000007092fc638}> (0x00000007092fc638) 
thrown [s\src\hotspot\share\prims\jni.cpp, line 516]
Event: 482.656 Thread 0x000002a665869340 Exception <a 'java/lang/NoClassDefFoundError'{0x000000070749a090}: org/flywaydb/core/Flyway> (0x000000070749a090) 
thrown [s\src\hotspot\share\oops\constantPool.cpp, line 835]
Event: 482.656 Thread 0x000002a665869340 Exception <a 'java/lang/NoClassDefFoundError'{0x000000070749a6e0}: liquibase/integration/spring/SpringLiquibase> (0x000000070749a6e0) 
thrown [s\src\hotspot\share\oops\constantPool.cpp, line 835]
Event: 482.661 Thread 0x000002a665869340 Exception <a 'java/lang/NoClassDefFoundError'{0x000000070753ac28}: org/jooq/DSLContext> (0x000000070753ac28) 
thrown [s\src\hotspot\share\oops\constantPool.cpp, line 835]
Event: 482.661 Thread 0x000002a665869340 Exception <a 'java/lang/NoClassDefFoundError'{0x000000070753c190}: javax/persistence/EntityManagerFactory> (0x000000070753c190) 
thrown [s\src\hotspot\share\oops\constantPool.cpp, line 835]
Event: 482.661 Thread 0x000002a665869340 Exception <a 'java/lang/NoClassDefFoundError'{0x000000070753c7f0}: org/springframework/batch/core/repository/JobRepository> (0x000000070753c7f0) 
thrown [s\src\hotspot\share\oops\constantPool.cpp, line 835]
Event: 482.661 Thread 0x000002a665869340 Exception <a 'java/lang/NoClassDefFoundError'{0x000000070753ce38}: org/quartz/Scheduler> (0x000000070753ce38) 
thrown [s\src\hotspot\share\oops\constantPool.cpp, line 835]
Event: 482.661 Thread 0x000002a665869340 Exception <a 'java/lang/NoClassDefFoundError'{0x000000070753d4a8}: org/springframework/session/jdbc/JdbcIndexedSessionRepository> (0x000000070753d4a8) 
thrown [s\src\hotspot\share\oops\constantPool.cpp, line 835]
Event: 482.712 Thread 0x000002a665869340 Exception <a 'sun/nio/fs/WindowsException'{0x0000000706dfccf0}> (0x0000000706dfccf0) 
thrown [s\src\hotspot\share\prims\jni.cpp, line 516]
Event: 482.712 Thread 0x000002a665869340 Exception <a 'sun/nio/fs/WindowsException'{0x0000000706dfd400}> (0x0000000706dfd400) 
thrown [s\src\hotspot\share\prims\jni.cpp, line 516]
Event: 482.712 Thread 0x000002a665869340 Exception <a 'sun/nio/fs/WindowsException'{0x0000000706dfdaf8}> (0x0000000706dfdaf8) 
thrown [s\src\hotspot\share\prims\jni.cpp, line 516]
Event: 482.724 Thread 0x000002a665869340 Exception <a 'java/io/FileNotFoundException'{0x0000000706a56368}> (0x0000000706a56368) 
thrown [s\src\hotspot\share\prims\jni.cpp, line 516]

VM Operations (20 events):
Event: 292.702 Executing VM operation: G1CollectForAllocation done
Event: 292.939 Executing VM operation: G1CollectForAllocation
Event: 292.942 Executing VM operation: G1CollectForAllocation done
Event: 293.942 Executing VM operation: Cleanup
Event: 293.942 Executing VM operation: Cleanup done
Event: 295.944 Executing VM operation: Cleanup
Event: 295.944 Executing VM operation: Cleanup done
Event: 362.386 Executing VM operation: Cleanup
Event: 362.386 Executing VM operation: Cleanup done
Event: 477.283 Executing VM operation: Cleanup
Event: 477.283 Executing VM operation: Cleanup done
Event: 482.139 Executing VM operation: G1CollectForAllocation
Event: 482.154 Executing VM operation: G1CollectForAllocation done
Event: 482.211 Executing VM operation: G1CollectFull
Event: 482.311 Executing VM operation: G1CollectFull done
Event: 482.768 Executing VM operation: G1CollectForAllocation
Event: 482.771 Executing VM operation: G1CollectForAllocation done
Event: 482.876 Executing VM operation: G1CollectForAllocation
Event: 482.879 Executing VM operation: G1CollectForAllocation done
Event: 483.155 Executing VM operation: G1CollectForAllocation

Events (20 events):
Event: 482.205 Thread 0x000002a662db6fe0 Thread exited: 0x000002a662db6fe0
Event: 482.205 Thread 0x000002a662db9660 Thread exited: 0x000002a662db9660
Event: 482.206 Thread 0x000002a66510f0f0 Thread exited: 0x000002a66510f0f0
Event: 482.207 Thread 0x000002a665113920 Thread exited: 0x000002a665113920
Event: 482.208 Thread 0x000002a665113450 Thread exited: 0x000002a665113450
Event: 482.208 Thread 0x000002a665113df0 Thread exited: 0x000002a665113df0
Event: 482.209 Thread 0x000002a6658667f0 Thread exited: 0x000002a6658667f0
Event: 482.311 Thread 0x000002a66586ab50 Thread added: 0x000002a66586ab50
Event: 482.311 Thread 0x000002a66586ab50 Thread exited: 0x000002a66586ab50
Event: 482.311 Thread 0x000002a665869340 Thread added: 0x000002a665869340
Event: 482.414 Thread 0x000002a66747b020 Thread added: 0x000002a66747b020
Event: 482.447 Thread 0x000002a66586b4f0 Thread added: 0x000002a66586b4f0
Event: 482.470 Thread 0x000002a66586b4f0 Thread exited: 0x000002a66586b4f0
Event: 482.817 Thread 0x000002a665869ce0 Thread added: 0x000002a665869ce0
Event: 482.817 Thread 0x000002a6658684d0 Thread added: 0x000002a6658684d0
Event: 482.817 Thread 0x000002a665867190 Thread added: 0x000002a665867190
Event: 482.887 Thread 0x000002a6659518e0 Thread added: 0x000002a6659518e0
Event: 482.887 Thread 0x000002a6653bbc20 Thread added: 0x000002a6653bbc20
Event: 483.041 loading class java/time/DurationEditor
Event: 483.041 loading class java/time/DurationEditor done


Dynamic libraries:
0x00007ff69c790000 - 0x00007ff69c79e000 	C:\eclipseSpringBoot\eclipse-jee-2022-12-R-win32-x86_64\eclipse\plugins\org.eclipse.justj.openjdk.hotspot.jre.full.win32.x86_64_17.0.5.v20221102-0933\jre\bin\javaw.exe
0x00007ff95a4f0000 - 0x00007ff95a6e8000 	C:\WINDOWS\SYSTEM32\ntdll.dll
0x00007ff9598f0000 - 0x00007ff9599af000 	C:\WINDOWS\System32\KERNEL32.DLL
0x00007ff958130000 - 0x00007ff958426000 	C:\WINDOWS\System32\KERNELBASE.dll
0x00007ff957cd0000 - 0x00007ff957dd0000 	C:\WINDOWS\System32\ucrtbase.dll
0x00007ff944900000 - 0x00007ff944919000 	C:\eclipseSpringBoot\eclipse-jee-2022-12-R-win32-x86_64\eclipse\plugins\org.eclipse.justj.openjdk.hotspot.jre.full.win32.x86_64_17.0.5.v20221102-0933\jre\bin\VCRUNTIME140.dll
0x00007ff9437f0000 - 0x00007ff943807000 	C:\eclipseSpringBoot\eclipse-jee-2022-12-R-win32-x86_64\eclipse\plugins\org.eclipse.justj.openjdk.hotspot.jre.full.win32.x86_64_17.0.5.v20221102-0933\jre\bin\jli.dll
0x00007ff95a0a0000 - 0x00007ff95a23d000 	C:\WINDOWS\System32\USER32.dll
0x00007ff93d490000 - 0x00007ff93d72a000 	C:\WINDOWS\WinSxS\amd64_microsoft.windows.common-controls_6595b64144ccf1df_6.0.19041.1110_none_60b5254171f9507e\COMCTL32.dll
0x00007ff958070000 - 0x00007ff958092000 	C:\WINDOWS\System32\win32u.dll
0x00007ff959640000 - 0x00007ff9596de000 	C:\WINDOWS\System32\msvcrt.dll
0x00007ff95a300000 - 0x00007ff95a32c000 	C:\WINDOWS\System32\GDI32.dll
0x00007ff958430000 - 0x00007ff958545000 	C:\WINDOWS\System32\gdi32full.dll
0x00007ff957e00000 - 0x00007ff957e9d000 	C:\WINDOWS\System32\msvcp_win.dll
0x00007ff959610000 - 0x00007ff959640000 	C:\WINDOWS\System32\IMM32.DLL
0x00007ff955430000 - 0x00007ff95543c000 	C:\eclipseSpringBoot\eclipse-jee-2022-12-R-win32-x86_64\eclipse\plugins\org.eclipse.justj.openjdk.hotspot.jre.full.win32.x86_64_17.0.5.v20221102-0933\jre\bin\vcruntime140_1.dll
0x00007ff9203e0000 - 0x00007ff920471000 	C:\eclipseSpringBoot\eclipse-jee-2022-12-R-win32-x86_64\eclipse\plugins\org.eclipse.justj.openjdk.hotspot.jre.full.win32.x86_64_17.0.5.v20221102-0933\jre\bin\msvcp140.dll
0x00007ff918380000 - 0x00007ff918fc4000 	C:\eclipseSpringBoot\eclipse-jee-2022-12-R-win32-x86_64\eclipse\plugins\org.eclipse.justj.openjdk.hotspot.jre.full.win32.x86_64_17.0.5.v20221102-0933\jre\bin\server\jvm.dll
0x00007ff95a250000 - 0x00007ff95a2ff000 	C:\WINDOWS\System32\ADVAPI32.dll
0x00007ff95a410000 - 0x00007ff95a4ac000 	C:\WINDOWS\System32\sechost.dll
0x00007ff959f70000 - 0x00007ff95a096000 	C:\WINDOWS\System32\RPCRT4.dll
0x00007ff955420000 - 0x00007ff955429000 	C:\WINDOWS\SYSTEM32\WSOCK32.dll
0x00007ff93f100000 - 0x00007ff93f127000 	C:\WINDOWS\SYSTEM32\WINMM.dll
0x00007ff951370000 - 0x00007ff95137a000 	C:\WINDOWS\SYSTEM32\VERSION.dll
0x00007ff9599b0000 - 0x00007ff959a1b000 	C:\WINDOWS\System32\WS2_32.dll
0x00007ff955a70000 - 0x00007ff955a82000 	C:\WINDOWS\SYSTEM32\kernel.appcore.dll
0x00007ff955370000 - 0x00007ff95537a000 	C:\eclipseSpringBoot\eclipse-jee-2022-12-R-win32-x86_64\eclipse\plugins\org.eclipse.justj.openjdk.hotspot.jre.full.win32.x86_64_17.0.5.v20221102-0933\jre\bin\jimage.dll
0x00007ff94a560000 - 0x00007ff94a744000 	C:\WINDOWS\SYSTEM32\DBGHELP.DLL
0x00007ff942e10000 - 0x00007ff942e44000 	C:\WINDOWS\SYSTEM32\dbgcore.DLL
0x00007ff9580a0000 - 0x00007ff958122000 	C:\WINDOWS\System32\bcryptPrimitives.dll
0x00007ff941be0000 - 0x00007ff941c05000 	C:\eclipseSpringBoot\eclipse-jee-2022-12-R-win32-x86_64\eclipse\plugins\org.eclipse.justj.openjdk.hotspot.jre.full.win32.x86_64_17.0.5.v20221102-0933\jre\bin\java.dll
0x00007ff94e740000 - 0x00007ff94e758000 	C:\eclipseSpringBoot\eclipse-jee-2022-12-R-win32-x86_64\eclipse\plugins\org.eclipse.justj.openjdk.hotspot.jre.full.win32.x86_64_17.0.5.v20221102-0933\jre\bin\zip.dll
0x00007ff958c00000 - 0x00007ff959344000 	C:\WINDOWS\System32\SHELL32.dll
0x00007ff955c70000 - 0x00007ff956403000 	C:\WINDOWS\SYSTEM32\windows.storage.dll
0x00007ff959b70000 - 0x00007ff959ec4000 	C:\WINDOWS\System32\combase.dll
0x00007ff957630000 - 0x00007ff95765e000 	C:\WINDOWS\SYSTEM32\Wldp.dll
0x00007ff958550000 - 0x00007ff9585fd000 	C:\WINDOWS\System32\SHCORE.dll
0x00007ff9595b0000 - 0x00007ff959605000 	C:\WINDOWS\System32\shlwapi.dll
0x00007ff957b10000 - 0x00007ff957b2f000 	C:\WINDOWS\SYSTEM32\profapi.dll
0x00007ff93f160000 - 0x00007ff93f179000 	C:\eclipseSpringBoot\eclipse-jee-2022-12-R-win32-x86_64\eclipse\plugins\org.eclipse.justj.openjdk.hotspot.jre.full.win32.x86_64_17.0.5.v20221102-0933\jre\bin\net.dll
0x00007ff94f4e0000 - 0x00007ff94f5ea000 	C:\WINDOWS\SYSTEM32\WINHTTP.dll
0x00007ff957340000 - 0x00007ff9573aa000 	C:\WINDOWS\system32\mswsock.dll
0x00007ff933fc0000 - 0x00007ff933fd5000 	C:\eclipseSpringBoot\eclipse-jee-2022-12-R-win32-x86_64\eclipse\plugins\org.eclipse.justj.openjdk.hotspot.jre.full.win32.x86_64_17.0.5.v20221102-0933\jre\bin\nio.dll
0x00007ff953840000 - 0x00007ff953849000 	C:\eclipseSpringBoot\eclipse-jee-2022-12-R-win32-x86_64\eclipse\plugins\org.eclipse.justj.openjdk.hotspot.jre.full.win32.x86_64_17.0.5.v20221102-0933\jre\bin\management.dll
0x00007ff952660000 - 0x00007ff95266b000 	C:\eclipseSpringBoot\eclipse-jee-2022-12-R-win32-x86_64\eclipse\plugins\org.eclipse.justj.openjdk.hotspot.jre.full.win32.x86_64_17.0.5.v20221102-0933\jre\bin\management_ext.dll
0x00007ff959f60000 - 0x00007ff959f68000 	C:\WINDOWS\System32\PSAPI.DLL
0x00007ff942710000 - 0x00007ff942727000 	C:\WINDOWS\system32\napinsp.dll
0x00007ff9426f0000 - 0x00007ff94270b000 	C:\WINDOWS\system32\pnrpnsp.dll
0x00007ff952b10000 - 0x00007ff952b25000 	C:\WINDOWS\system32\wshbth.dll
0x00007ff951b10000 - 0x00007ff951b2d000 	C:\WINDOWS\system32\NLAapi.dll
0x00007ff956ff0000 - 0x00007ff95702c000 	C:\WINDOWS\SYSTEM32\IPHLPAPI.DLL
0x00007ff957030000 - 0x00007ff9570fb000 	C:\WINDOWS\SYSTEM32\DNSAPI.dll
0x00007ff95a240000 - 0x00007ff95a248000 	C:\WINDOWS\System32\NSI.dll
0x00007ff942730000 - 0x00007ff942742000 	C:\WINDOWS\System32\winrnr.dll
0x00007ff944010000 - 0x00007ff94401a000 	C:\Windows\System32\rasadhlp.dll
0x00007ff943f80000 - 0x00007ff944002000 	C:\WINDOWS\System32\fwpuclnt.dll
0x00007ff957dd0000 - 0x00007ff957df7000 	C:\WINDOWS\System32\bcrypt.dll
0x00007ff957500000 - 0x00007ff957518000 	C:\WINDOWS\SYSTEM32\CRYPTSP.dll
0x00007ff956b90000 - 0x00007ff956bc4000 	C:\WINDOWS\system32\rsaenh.dll
0x00007ff957a90000 - 0x00007ff957abe000 	C:\WINDOWS\SYSTEM32\USERENV.dll
0x00007ff9574f0000 - 0x00007ff9574fc000 	C:\WINDOWS\SYSTEM32\CRYPTBASE.dll
0x00007ff9511b0000 - 0x00007ff9511c7000 	C:\WINDOWS\SYSTEM32\dhcpcsvc6.DLL
0x00007ff951140000 - 0x00007ff95115d000 	C:\WINDOWS\SYSTEM32\dhcpcsvc.DLL
0x00007ff9392a0000 - 0x00007ff9392b0000 	C:\eclipseSpringBoot\eclipse-jee-2022-12-R-win32-x86_64\eclipse\plugins\org.eclipse.justj.openjdk.hotspot.jre.full.win32.x86_64_17.0.5.v20221102-0933\jre\bin\verify.dll
0x00007ff955440000 - 0x00007ff95544e000 	C:\eclipseSpringBoot\eclipse-jee-2022-12-R-win32-x86_64\eclipse\plugins\org.eclipse.justj.openjdk.hotspot.jre.full.win32.x86_64_17.0.5.v20221102-0933\jre\bin\sunmscapi.dll
0x00007ff957ea0000 - 0x00007ff957ffe000 	C:\WINDOWS\System32\CRYPT32.dll
0x00007ff9576a0000 - 0x00007ff9576c8000 	C:\WINDOWS\SYSTEM32\ncrypt.dll
0x00007ff957660000 - 0x00007ff95769b000 	C:\WINDOWS\SYSTEM32\NTASN1.dll
0x00007ff951be0000 - 0x00007ff951be7000 	C:\WINDOWS\system32\wshunix.dll

dbghelp: loaded successfully - version: 4.0.5 - missing functions: none
symbol engine: initialized successfully - sym options: 0x614 - pdb path: .;C:\eclipseSpringBoot\eclipse-jee-2022-12-R-win32-x86_64\eclipse\plugins\org.eclipse.justj.openjdk.hotspot.jre.full.win32.x86_64_17.0.5.v20221102-0933\jre\bin;C:\WINDOWS\SYSTEM32;C:\WINDOWS\WinSxS\amd64_microsoft.windows.common-controls_6595b64144ccf1df_6.0.19041.1110_none_60b5254171f9507e;C:\eclipseSpringBoot\eclipse-jee-2022-12-R-win32-x86_64\eclipse\plugins\org.eclipse.justj.openjdk.hotspot.jre.full.win32.x86_64_17.0.5.v20221102-0933\jre\bin\server

VM Arguments:
jvm_args: -Dcom.sun.management.jmxremote -Dcom.sun.management.jmxremote.port=61374 -Dcom.sun.management.jmxremote.authenticate=false -Dcom.sun.management.jmxremote.ssl=false -Djava.rmi.server.hostname=localhost -Dspring.jmx.enabled=true -Dmanagement.endpoints.jmx.exposure.include=* -Dspring.application.admin.enabled=true -XX:TieredStopAtLevel=1 -Dspring.boot.project.name=yaguroute -Dfile.encoding=UTF-8 -XX:+ShowCodeDetailsInExceptionMessages 
java_command: com.baseball.YagurouteApplication --spring.output.ansi.enabled=always
java_class_path (initial): C:\mainPJT\mainPJT\yaguroute\target\classes;C:\Users\Bitcamp\.m2\repository\org\springframework\boot\spring-boot-starter-web\2.7.11\spring-boot-starter-web-2.7.11.jar;C:\Users\Bitcamp\.m2\repository\org\springframework\boot\spring-boot-starter\2.7.11\spring-boot-starter-2.7.11.jar;C:\Users\Bitcamp\.m2\repository\org\springframework\boot\spring-boot-starter-logging\2.7.11\spring-boot-starter-logging-2.7.11.jar;C:\Users\Bitcamp\.m2\repository\ch\qos\logback\logback-classic\1.2.12\logback-classic-1.2.12.jar;C:\Users\Bitcamp\.m2\repository\ch\qos\logback\logback-core\1.2.12\logback-core-1.2.12.jar;C:\Users\Bitcamp\.m2\repository\org\apache\logging\log4j\log4j-to-slf4j\2.17.2\log4j-to-slf4j-2.17.2.jar;C:\Users\Bitcamp\.m2\repository\org\apache\logging\log4j\log4j-api\2.17.2\log4j-api-2.17.2.jar;C:\Users\Bitcamp\.m2\repository\org\slf4j\jul-to-slf4j\1.7.36\jul-to-slf4j-1.7.36.jar;C:\Users\Bitcamp\.m2\repository\org\yaml\snakeyaml\1.30\snakeyaml-1.30.jar;C:\Users\Bitcamp\.m2\repository\org\springframework\boot\spring-boot-starter-json\2.7.11\spring-boot-starter-json-2.7.11.jar;C:\Users\Bitcamp\.m2\repository\com\fasterxml\jackson\datatype\jackson-datatype-jdk8\2.13.5\jackson-datatype-jdk8-2.13.5.jar;C:\Users\Bitcamp\.m2\repository\com\fasterxml\jackson\datatype\jackson-datatype-jsr310\2.13.5\jackson-datatype-jsr310-2.13.5.jar;C:\Users\Bitcamp\.m2\repository\com\fasterxml\jackson\module\jackson-module-parameter-names\2.13.5\jackson-module-parameter-names-2.13.5.jar;C:\Users\Bitcamp\.m2\repository\org\springframework\spring-web\5.3.27\spring-web-5.3.27.jar;C:\Users\Bitcamp\.m2\repository\org\springframework\spring-beans\5.3.27\spring-beans-5.3.27.jar;C:\Users\Bitcamp\.m2\repository\org\springframework\spring-webmvc\5.3.27\spring-webmvc-5.3.27.jar;C:\Users\Bitcamp\.m2\repository\org\springframework\spring-context\5.3.27\spring-context-5.3.27.jar;C:\Users\Bitcamp\.m2\repository\org\springframework\spring-expression\5.3.27\spring-expression-5.3.27.j
Launcher Type: SUN_STANDARD

[Global flags]
     intx CICompilerCount                          = 4                                         {product} {ergonomic}
     uint ConcGCThreads                            = 2                                         {product} {ergonomic}
     uint G1ConcRefinementThreads                  = 8                                         {product} {ergonomic}
   size_t G1HeapRegionSize                         = 2097152                                   {product} {ergonomic}
    uintx GCDrainStackTargetSize                   = 64                                        {product} {ergonomic}
   size_t InitialHeapSize                          = 266338304                                 {product} {ergonomic}
     bool ManagementServer                         = true                                      {product} {command line}
   size_t MarkStackSize                            = 4194304                                   {product} {ergonomic}
   size_t MaxHeapSize                              = 4253024256                                {product} {ergonomic}
   size_t MaxNewSize                               = 2550136832                                {product} {ergonomic}
   size_t MinHeapDeltaBytes                        = 2097152                                   {product} {ergonomic}
   size_t MinHeapSize                              = 8388608                                   {product} {ergonomic}
    uintx NonProfiledCodeHeapSize                  = 0                                      {pd product} {ergonomic}
     bool ProfileInterpreter                       = false                                  {pd product} {command line}
    uintx ProfiledCodeHeapSize                     = 0                                      {pd product} {ergonomic}
     bool ShowCodeDetailsInExceptionMessages       = true                                   {manageable} {command line}
   size_t SoftMaxHeapSize                          = 4253024256                             {manageable} {ergonomic}
     intx TieredStopAtLevel                        = 1                                         {product} {command line}
     bool UseCompressedClassPointers               = true                           {product lp64_product} {ergonomic}
     bool UseCompressedOops                        = true                           {product lp64_product} {ergonomic}
     bool UseG1GC                                  = true                                      {product} {ergonomic}
     bool UseLargePagesIndividualAllocation        = false                                  {pd product} {ergonomic}

Logging:
Log output configuration:
 #0: stdout all=warning uptime,level,tags
 #1: stderr all=off uptime,level,tags

Environment Variables:
JAVA_HOME=C:\Program Files\Java\jdk1.8.0_181
PATH=C:/eclipseSpringBoot/eclipse-jee-2022-12-R-win32-x86_64/eclipse//plugins/org.eclipse.justj.openjdk.hotspot.jre.full.win32.x86_64_17.0.5.v20221102-0933/jre/bin/server;C:/eclipseSpringBoot/eclipse-jee-2022-12-R-win32-x86_64/eclipse//plugins/org.eclipse.justj.openjdk.hotspot.jre.full.win32.x86_64_17.0.5.v20221102-0933/jre/bin;C:\oraclexe\app\oracle\product\10.2.0\server\bin;C:\Program Files (x86)\Common Files\Oracle\Java\javapath;C:\WINDOWS\system32;C:\WINDOWS;C:\WINDOWS\System32\Wbem;C:\WINDOWS\System32\WindowsPowerShell\v1.0\;C:\WINDOWS\System32\OpenSSH\;C:\Program Files\nodejs\;C:\Program Files\PuTTY\;C:\Program Files\Docker\Docker\resources\bin;C:\Users\Bitcamp\anaconda3;C:\Users\Bitcamp\anaconda3\Library\mingw-w64\bin;C:\Users\Bitcamp\anaconda3\Library\usr\bin;C:\Users\Bitcamp\anaconda3\Library\bin;C:\Users\Bitcamp\anaconda3\Scripts;C:\Users\Bitcamp\AppData\Local\Microsoft\WindowsApps;C:\Microsoft VS Code\bin;C:\Users\Bitcamp\AppData\Roaming\npm;C:\eclipseSpringBoot\eclipse-jee-2022-12-R-win32-x86_64\eclipse;
USERNAME=Bitcamp
OS=Windows_NT
PROCESSOR_IDENTIFIER=Intel64 Family 6 Model 158 Stepping 13, GenuineIntel
TMP=C:\Users\Bitcamp\AppData\Local\Temp
TEMP=C:\Users\Bitcamp\AppData\Local\Temp



---------------  S Y S T E M  ---------------

OS:
 Windows 10 , 64 bit Build 19041 (10.0.19041.2913)
OS uptime: 3 days 16:02 hours
Hyper-V role detected

CPU: total 8 (initial active 8) (8 cores per cpu, 1 threads per core) family 6 model 158 stepping 13 microcode 0xec, cx8, cmov, fxsr, mmx, 3dnowpref, sse, sse2, sse3, ssse3, sse4.1, sse4.2, popcnt, lzcnt, tsc, tscinvbit, avx, avx2, aes, erms, clmul, bmi1, bmi2, adx, fma, vzeroupper, clflush, clflushopt, hv

Memory: 4k page, system-wide physical 16222M (1096M free)
TotalPageFile size 46624M (AvailPageFile size 132M)
current process WorkingSet (physical memory assigned to process): 219M, peak: 286M
current process commit charge ("private bytes"): 320M, peak: 460M

vm_info: OpenJDK 64-Bit Server VM (17.0.5+8) for windows-amd64 JRE (17.0.5+8), built on Oct 19 2022 04:48:13 by "temurin" with MS VC++ 16.7 (VS2019)

END.
